{"/Users/brandonnull/Stardust/stardust-custodial-sdk/src/index.ts": {"path":"/Users/brandonnull/Stardust/stardust-custodial-sdk/src/index.ts","statementMap":{"0":{"start":{"line":1,"column":0},"end":{"line":1,"column":7}},"1":{"start":{"line":11,"column":9},"end":{"line":1,"column":67}},"2":{"start":{"line":2,"column":0},"end":{"line":2,"column":7}},"3":{"start":{"line":11,"column":31},"end":{"line":2,"column":49}},"4":{"start":{"line":3,"column":0},"end":{"line":3,"column":7}},"5":{"start":{"line":11,"column":44},"end":{"line":3,"column":55}},"6":{"start":{"line":6,"column":0},"end":{"line":6,"column":30}},"7":{"start":{"line":9,"column":0},"end":{"line":9,"column":24}}},"fnMap":{},"branchMap":{},"s":{"0":3,"1":3,"2":3,"3":3,"4":3,"5":3,"6":3,"7":3},"f":{},"b":{}}
,"/Users/brandonnull/Stardust/stardust-custodial-sdk/src/ethers/V5/EthersV5Signer.ts": {"path":"/Users/brandonnull/Stardust/stardust-custodial-sdk/src/ethers/V5/EthersV5Signer.ts","statementMap":{"0":{"start":{"line":1,"column":0},"end":{"line":1,"column":56}},"1":{"start":{"line":2,"column":0},"end":{"line":2,"column":74}},"2":{"start":{"line":3,"column":0},"end":{"line":3,"column":77}},"3":{"start":{"line":14,"column":4},"end":{"line":14,"column":12}},"4":{"start":{"line":15,"column":4},"end":{"line":15,"column":47}},"5":{"start":{"line":16,"column":4},"end":{"line":16,"column":29}},"6":{"start":{"line":20,"column":4},"end":{"line":20,"column":47}},"7":{"start":{"line":24,"column":4},"end":{"line":24,"column":55}},"8":{"start":{"line":28,"column":4},"end":{"line":28,"column":51}},"9":{"start":{"line":32,"column":15},"end":{"line":32,"column":51}},"10":{"start":{"line":33,"column":4},"end":{"line":38,"column":null}},"11":{"start":{"line":34,"column":6},"end":{"line":36,"column":null}},"12":{"start":{"line":35,"column":8},"end":{"line":35,"column":49}},"13":{"start":{"line":37,"column":6},"end":{"line":37,"column":21}},"14":{"start":{"line":39,"column":20},"end":{"line":39,"column":54}},"15":{"start":{"line":40,"column":40},"end":{"line":44,"column":6}},"16":{"start":{"line":45,"column":22},"end":{"line":45,"column":79}},"17":{"start":{"line":46,"column":4},"end":{"line":46,"column":57}},"18":{"start":{"line":50,"column":4},"end":{"line":50,"column":64}},"19":{"start":{"line":8,"column":0},"end":{"line":8,"column":21}}},"fnMap":{"0":{"name":"(anonymous_0)","decl":{"start":{"line":13,"column":2},"end":{"line":13,"column":14}},"loc":{"start":{"line":13,"column":71},"end":{"line":17,"column":3}}},"1":{"name":"(anonymous_1)","decl":{"start":{"line":19,"column":9},"end":{"line":19,"column":14}},"loc":{"start":{"line":19,"column":25},"end":{"line":21,"column":3}}},"2":{"name":"(anonymous_2)","decl":{"start":{"line":23,"column":9},"end":{"line":23,"column":14}},"loc":{"start":{"line":23,"column":42},"end":{"line":25,"column":3}}},"3":{"name":"(anonymous_3)","decl":{"start":{"line":27,"column":9},"end":{"line":27,"column":14}},"loc":{"start":{"line":27,"column":51},"end":{"line":29,"column":3}}},"4":{"name":"(anonymous_4)","decl":{"start":{"line":31,"column":9},"end":{"line":31,"column":14}},"loc":{"start":{"line":31,"column":74},"end":{"line":47,"column":3}}},"5":{"name":"(anonymous_5)","decl":{"start":{"line":49,"column":9},"end":{"line":49,"column":16}},"loc":{"start":{"line":49,"column":35},"end":{"line":51,"column":3}}}},"branchMap":{"0":{"loc":{"start":{"line":33,"column":4},"end":{"line":38,"column":null}},"type":"if","locations":[{"start":{"line":33,"column":4},"end":{"line":38,"column":null}}]},"1":{"loc":{"start":{"line":34,"column":6},"end":{"line":36,"column":null}},"type":"if","locations":[{"start":{"line":34,"column":6},"end":{"line":36,"column":null}}]}},"s":{"0":5,"1":5,"2":5,"3":27,"4":27,"5":27,"6":29,"7":3,"8":1,"9":6,"10":6,"11":4,"12":1,"13":3,"14":5,"15":5,"16":5,"17":5,"18":9,"19":5},"f":{"0":27,"1":29,"2":3,"3":1,"4":6,"5":9},"b":{"0":[4],"1":[1]}}
,"/Users/brandonnull/Stardust/stardust-custodial-sdk/src/ethers/V6/EthersV6Signer.ts": {"path":"/Users/brandonnull/Stardust/stardust-custodial-sdk/src/ethers/V6/EthersV6Signer.ts","statementMap":{"0":{"start":{"line":1,"column":0},"end":{"line":1,"column":null}},"1":{"start":{"line":21,"column":4},"end":{"line":21,"column":20}},"2":{"start":{"line":22,"column":4},"end":{"line":22,"column":47}},"3":{"start":{"line":26,"column":4},"end":{"line":26,"column":47}},"4":{"start":{"line":31,"column":25},"end":{"line":34,"column":6}},"5":{"start":{"line":36,"column":4},"end":{"line":39,"column":null}},"6":{"start":{"line":38,"column":6},"end":{"line":38,"column":17}},"7":{"start":{"line":40,"column":4},"end":{"line":43,"column":null}},"8":{"start":{"line":42,"column":6},"end":{"line":42,"column":21}},"9":{"start":{"line":45,"column":4},"end":{"line":54,"column":null}},"10":{"start":{"line":46,"column":6},"end":{"line":51,"column":8}},"11":{"start":{"line":53,"column":6},"end":{"line":53,"column":21}},"12":{"start":{"line":57,"column":20},"end":{"line":57,"column":65}},"13":{"start":{"line":58,"column":35},"end":{"line":58,"column":42}},"14":{"start":{"line":60,"column":40},"end":{"line":64,"column":6}},"15":{"start":{"line":65,"column":22},"end":{"line":65,"column":79}},"16":{"start":{"line":66,"column":4},"end":{"line":66,"column":34}},"17":{"start":{"line":67,"column":4},"end":{"line":67,"column":30}},"18":{"start":{"line":71,"column":4},"end":{"line":71,"column":55}},"19":{"start":{"line":79,"column":22},"end":{"line":100,"column":null}},"20":{"start":{"line":84,"column":8},"end":{"line":92,"column":10}},"21":{"start":{"line":94,"column":24},"end":{"line":94,"column":62}},"22":{"start":{"line":95,"column":8},"end":{"line":97,"column":11}},"23":{"start":{"line":99,"column":8},"end":{"line":99,"column":23}},"24":{"start":{"line":103,"column":29},"end":{"line":103,"column":94}},"25":{"start":{"line":105,"column":40},"end":{"line":109,"column":6}},"26":{"start":{"line":111,"column":16},"end":{"line":111,"column":73}},"27":{"start":{"line":112,"column":21},"end":{"line":112,"column":47}},"28":{"start":{"line":113,"column":4},"end":{"line":113,"column":54}},"29":{"start":{"line":117,"column":4},"end":{"line":117,"column":64}},"30":{"start":{"line":17,"column":0},"end":{"line":17,"column":21}}},"fnMap":{"0":{"name":"(anonymous_0)","decl":{"start":{"line":20,"column":2},"end":{"line":20,"column":14}},"loc":{"start":{"line":20,"column":70},"end":{"line":23,"column":3}}},"1":{"name":"(anonymous_1)","decl":{"start":{"line":25,"column":9},"end":{"line":25,"column":14}},"loc":{"start":{"line":25,"column":25},"end":{"line":27,"column":3}}},"2":{"name":"(anonymous_2)","decl":{"start":{"line":29,"column":9},"end":{"line":29,"column":14}},"loc":{"start":{"line":29,"column":60},"end":{"line":68,"column":3}}},"3":{"name":"(anonymous_3)","decl":{"start":{"line":70,"column":9},"end":{"line":70,"column":14}},"loc":{"start":{"line":70,"column":55},"end":{"line":72,"column":3}}},"4":{"name":"(anonymous_4)","decl":{"start":{"line":74,"column":9},"end":{"line":74,"column":14}},"loc":{"start":{"line":77,"column":30},"end":{"line":114,"column":3}}},"5":{"name":"(anonymous_5)","decl":{"start":{"line":83,"column":6},"end":{"line":83,"column":11}},"loc":{"start":{"line":83,"column":29},"end":{"line":100,"column":7}}},"6":{"name":"(anonymous_6)","decl":{"start":{"line":116,"column":9},"end":{"line":116,"column":16}},"loc":{"start":{"line":116,"column":35},"end":{"line":118,"column":3}}}},"branchMap":{"0":{"loc":{"start":{"line":32,"column":10},"end":{"line":32,"column":66}},"type":"cond-expr","locations":[{"start":{"line":32,"column":18},"end":{"line":32,"column":54}},{"start":{"line":32,"column":57},"end":{"line":32,"column":66}}]},"1":{"loc":{"start":{"line":33,"column":12},"end":{"line":33,"column":72}},"type":"cond-expr","locations":[{"start":{"line":33,"column":22},"end":{"line":33,"column":60}},{"start":{"line":33,"column":63},"end":{"line":33,"column":72}}]},"2":{"loc":{"start":{"line":36,"column":4},"end":{"line":39,"column":null}},"type":"if","locations":[{"start":{"line":36,"column":4},"end":{"line":39,"column":null}}]},"3":{"loc":{"start":{"line":40,"column":4},"end":{"line":43,"column":null}},"type":"if","locations":[{"start":{"line":40,"column":4},"end":{"line":43,"column":null}}]},"4":{"loc":{"start":{"line":45,"column":4},"end":{"line":54,"column":null}},"type":"if","locations":[{"start":{"line":45,"column":4},"end":{"line":54,"column":null}}]}},"s":{"0":4,"1":2,"2":2,"3":3,"4":4,"5":4,"6":3,"7":4,"8":2,"9":4,"10":2,"11":1,"12":3,"13":3,"14":3,"15":3,"16":3,"17":3,"18":1,"19":2,"20":1,"21":1,"22":1,"23":1,"24":2,"25":2,"26":2,"27":2,"28":2,"29":1,"30":4},"f":{"0":2,"1":3,"2":4,"3":1,"4":2,"5":1,"6":1},"b":{"0":[3,1],"1":[2,2],"2":[3],"3":[2],"4":[2]}}
,"/Users/brandonnull/Stardust/stardust-custodial-sdk/src/stardust/AbstractStardustAPI.ts": {"path":"/Users/brandonnull/Stardust/stardust-custodial-sdk/src/stardust/AbstractStardustAPI.ts","statementMap":{"0":{"start":{"line":1,"column":0},"end":{"line":1,"column":46}},"1":{"start":{"line":3,"column":12},"end":{"line":3,"column":50}},"2":{"start":{"line":5,"column":24},"end":{"line":5,"column":38}},"3":{"start":{"line":5,"column":50},"end":{"line":5,"column":64}},"4":{"start":{"line":8,"column":21},"end":{"line":10,"column":6}},"5":{"start":{"line":11,"column":4},"end":{"line":12,"column":90}},"6":{"start":{"line":12,"column":6},"end":{"line":12,"column":90}},"7":{"start":{"line":13,"column":4},"end":{"line":13,"column":25}},"8":{"start":{"line":17,"column":21},"end":{"line":20,"column":6}},"9":{"start":{"line":21,"column":4},"end":{"line":22,"column":93}},"10":{"start":{"line":22,"column":6},"end":{"line":22,"column":93}},"11":{"start":{"line":23,"column":4},"end":{"line":23,"column":25}},"12":{"start":{"line":27,"column":21},"end":{"line":29,"column":6}},"13":{"start":{"line":30,"column":4},"end":{"line":31,"column":90}},"14":{"start":{"line":31,"column":6},"end":{"line":31,"column":90}},"15":{"start":{"line":32,"column":4},"end":{"line":32,"column":25}},"16":{"start":{"line":4,"column":0},"end":{"line":4,"column":21}}},"fnMap":{"0":{"name":"(anonymous_6)","decl":{"start":{"line":5,"column":2},"end":{"line":5,"column":24}},"loc":{"start":{"line":5,"column":67},"end":{"line":5,"column":71}}},"1":{"name":"(anonymous_7)","decl":{"start":{"line":7,"column":9},"end":{"line":7,"column":15}},"loc":{"start":{"line":7,"column":75},"end":{"line":14,"column":3}}},"2":{"name":"(anonymous_8)","decl":{"start":{"line":16,"column":9},"end":{"line":16,"column":14}},"loc":{"start":{"line":16,"column":55},"end":{"line":24,"column":3}}},"3":{"name":"(anonymous_9)","decl":{"start":{"line":26,"column":9},"end":{"line":26,"column":14}},"loc":{"start":{"line":26,"column":55},"end":{"line":33,"column":3}}}},"branchMap":{"0":{"loc":{"start":{"line":5,"column":50},"end":{"line":5,"column":67}},"type":"default-arg","locations":[{"start":{"line":5,"column":64},"end":{"line":5,"column":67}}]},"1":{"loc":{"start":{"line":7,"column":56},"end":{"line":7,"column":75}},"type":"default-arg","locations":[{"start":{"line":7,"column":73},"end":{"line":7,"column":75}}]},"2":{"loc":{"start":{"line":11,"column":4},"end":{"line":12,"column":90}},"type":"if","locations":[{"start":{"line":11,"column":4},"end":{"line":12,"column":90}}]},"3":{"loc":{"start":{"line":16,"column":40},"end":{"line":16,"column":55}},"type":"default-arg","locations":[{"start":{"line":16,"column":53},"end":{"line":16,"column":55}}]},"4":{"loc":{"start":{"line":21,"column":4},"end":{"line":22,"column":93}},"type":"if","locations":[{"start":{"line":21,"column":4},"end":{"line":22,"column":93}}]},"5":{"loc":{"start":{"line":26,"column":41},"end":{"line":26,"column":55}},"type":"default-arg","locations":[{"start":{"line":26,"column":53},"end":{"line":26,"column":55}}]},"6":{"loc":{"start":{"line":30,"column":4},"end":{"line":31,"column":90}},"type":"if","locations":[{"start":{"line":30,"column":4},"end":{"line":31,"column":90}}]}},"s":{"0":6,"1":6,"2":38,"3":38,"4":2,"5":2,"6":1,"7":1,"8":45,"9":45,"10":1,"11":44,"12":20,"13":20,"14":1,"15":19,"16":6},"f":{"0":38,"1":2,"2":45,"3":20},"b":{"0":[36],"1":[0],"2":[1],"3":[7],"4":[1],"5":[3],"6":[1]}}
,"/Users/brandonnull/Stardust/stardust-custodial-sdk/src/stardust/StardustApp.ts": {"path":"/Users/brandonnull/Stardust/stardust-custodial-sdk/src/stardust/StardustApp.ts","statementMap":{"0":{"start":{"line":6,"column":11},"end":{"line":6,"column":23}},"1":{"start":{"line":7,"column":11},"end":{"line":7,"column":24}},"2":{"start":{"line":8,"column":11},"end":{"line":8,"column":40}},"3":{"start":{"line":9,"column":11},"end":{"line":9,"column":31}},"4":{"start":{"line":10,"column":11},"end":{"line":10,"column":35}},"5":{"start":{"line":3,"column":0},"end":{"line":3,"column":21}}},"fnMap":{"0":{"name":"(anonymous_0)","decl":{"start":{"line":5,"column":2},"end":{"line":5,"column":null}},"loc":{"start":{"line":10,"column":39},"end":{"line":11,"column":6}}}},"branchMap":{"0":{"loc":{"start":{"line":8,"column":11},"end":{"line":8,"column":44}},"type":"default-arg","locations":[{"start":{"line":8,"column":40},"end":{"line":8,"column":44}}]},"1":{"loc":{"start":{"line":9,"column":11},"end":{"line":9,"column":35}},"type":"default-arg","locations":[{"start":{"line":9,"column":31},"end":{"line":9,"column":35}}]},"2":{"loc":{"start":{"line":10,"column":11},"end":{"line":10,"column":39}},"type":"default-arg","locations":[{"start":{"line":10,"column":35},"end":{"line":10,"column":39}}]}},"s":{"0":2,"1":2,"2":2,"3":2,"4":2,"5":3},"f":{"0":2},"b":{"0":[0],"1":[1],"2":[1]}}
,"/Users/brandonnull/Stardust/stardust-custodial-sdk/src/stardust/StardustAppAPI.ts": {"path":"/Users/brandonnull/Stardust/stardust-custodial-sdk/src/stardust/StardustAppAPI.ts","statementMap":{"0":{"start":{"line":1,"column":0},"end":{"line":1,"column":56}},"1":{"start":{"line":2,"column":0},"end":{"line":2,"column":40}},"2":{"start":{"line":6,"column":20},"end":{"line":6,"column":52}},"3":{"start":{"line":7,"column":4},"end":{"line":13,"column":6}},"4":{"start":{"line":4,"column":0},"end":{"line":4,"column":21}}},"fnMap":{"0":{"name":"(anonymous_1)","decl":{"start":{"line":5,"column":9},"end":{"line":5,"column":14}},"loc":{"start":{"line":5,"column":18},"end":{"line":14,"column":3}}}},"branchMap":{},"s":{"0":3,"1":3,"2":1,"3":1,"4":3},"f":{"0":1},"b":{}}
,"/Users/brandonnull/Stardust/stardust-custodial-sdk/src/stardust/StardustCustodialSDK.ts": {"path":"/Users/brandonnull/Stardust/stardust-custodial-sdk/src/stardust/StardustCustodialSDK.ts","statementMap":{"0":{"start":{"line":2,"column":0},"end":{"line":2,"column":46}},"1":{"start":{"line":4,"column":0},"end":{"line":4,"column":52}},"2":{"start":{"line":12,"column":4},"end":{"line":12,"column":53}},"3":{"start":{"line":13,"column":4},"end":{"line":13,"column":59}},"4":{"start":{"line":17,"column":4},"end":{"line":17,"column":37}},"5":{"start":{"line":21,"column":4},"end":{"line":21,"column":43}},"6":{"start":{"line":25,"column":4},"end":{"line":25,"column":48}},"7":{"start":{"line":6,"column":0},"end":{"line":6,"column":21}}},"fnMap":{"0":{"name":"(anonymous_1)","decl":{"start":{"line":11,"column":2},"end":{"line":11,"column":14}},"loc":{"start":{"line":11,"column":28},"end":{"line":14,"column":3}}},"1":{"name":"(anonymous_2)","decl":{"start":{"line":16,"column":9},"end":{"line":16,"column":14}},"loc":{"start":{"line":16,"column":21},"end":{"line":18,"column":3}}},"2":{"name":"(anonymous_3)","decl":{"start":{"line":20,"column":9},"end":{"line":20,"column":14}},"loc":{"start":{"line":20,"column":27},"end":{"line":22,"column":3}}},"3":{"name":"(anonymous_4)","decl":{"start":{"line":24,"column":9},"end":{"line":24,"column":14}},"loc":{"start":{"line":24,"column":41},"end":{"line":26,"column":3}}}},"branchMap":{},"s":{"0":3,"1":3,"2":8,"3":8,"4":1,"5":2,"6":5,"7":3},"f":{"0":8,"1":1,"2":2,"3":5},"b":{}}
,"/Users/brandonnull/Stardust/stardust-custodial-sdk/src/stardust/StardustSignerAPI.ts": {"path":"/Users/brandonnull/Stardust/stardust-custodial-sdk/src/stardust/StardustSignerAPI.ts","statementMap":{"0":{"start":{"line":2,"column":0},"end":{"line":2,"column":56}},"1":{"start":{"line":6,"column":21},"end":{"line":6,"column":71}},"2":{"start":{"line":7,"column":4},"end":{"line":7,"column":28}},"3":{"start":{"line":11,"column":21},"end":{"line":11,"column":74}},"4":{"start":{"line":12,"column":4},"end":{"line":12,"column":30}},"5":{"start":{"line":16,"column":26},"end":{"line":16,"column":75}},"6":{"start":{"line":17,"column":4},"end":{"line":17,"column":21}},"7":{"start":{"line":21,"column":26},"end":{"line":21,"column":79}},"8":{"start":{"line":22,"column":4},"end":{"line":22,"column":21}},"9":{"start":{"line":4,"column":0},"end":{"line":4,"column":21}}},"fnMap":{"0":{"name":"(anonymous_1)","decl":{"start":{"line":5,"column":9},"end":{"line":5,"column":14}},"loc":{"start":{"line":5,"column":58},"end":{"line":8,"column":3}}},"1":{"name":"(anonymous_2)","decl":{"start":{"line":10,"column":9},"end":{"line":10,"column":14}},"loc":{"start":{"line":10,"column":60},"end":{"line":13,"column":3}}},"2":{"name":"(anonymous_3)","decl":{"start":{"line":15,"column":9},"end":{"line":15,"column":14}},"loc":{"start":{"line":15,"column":60},"end":{"line":18,"column":3}}},"3":{"name":"(anonymous_4)","decl":{"start":{"line":20,"column":9},"end":{"line":20,"column":14}},"loc":{"start":{"line":20,"column":64},"end":{"line":23,"column":3}}}},"branchMap":{},"s":{"0":5,"1":31,"2":31,"3":6,"4":6,"5":13,"6":13,"7":3,"8":3,"9":5},"f":{"0":31,"1":6,"2":13,"3":3},"b":{}}
,"/Users/brandonnull/Stardust/stardust-custodial-sdk/src/stardust/StardustWallet.ts": {"path":"/Users/brandonnull/Stardust/stardust-custodial-sdk/src/stardust/StardustWallet.ts","statementMap":{"0":{"start":{"line":3,"column":0},"end":{"line":3,"column":57}},"1":{"start":{"line":4,"column":0},"end":{"line":4,"column":57}},"2":{"start":{"line":5,"column":0},"end":{"line":5,"column":72}},"3":{"start":{"line":6,"column":0},"end":{"line":6,"column":72}},"4":{"start":{"line":7,"column":0},"end":{"line":7,"column":72}},"5":{"start":{"line":26,"column":20},"end":{"line":26,"column":30}},"6":{"start":{"line":27,"column":20},"end":{"line":27,"column":34}},"7":{"start":{"line":28,"column":20},"end":{"line":28,"column":35}},"8":{"start":{"line":29,"column":20},"end":{"line":29,"column":46}},"9":{"start":{"line":31,"column":4},"end":{"line":38,"column":6}},"10":{"start":{"line":33,"column":25},"end":{"line":33,"column":53}},"11":{"start":{"line":36,"column":33},"end":{"line":36,"column":71}},"12":{"start":{"line":40,"column":4},"end":{"line":40,"column":49}},"13":{"start":{"line":41,"column":4},"end":{"line":41,"column":49}},"14":{"start":{"line":42,"column":4},"end":{"line":42,"column":65}},"15":{"start":{"line":9,"column":0},"end":{"line":9,"column":21}}},"fnMap":{"0":{"name":"(anonymous_1)","decl":{"start":{"line":25,"column":2},"end":{"line":25,"column":null}},"loc":{"start":{"line":29,"column":50},"end":{"line":43,"column":3}}},"1":{"name":"(anonymous_2)","decl":{"start":{"line":33,"column":19},"end":{"line":33,"column":22}},"loc":{"start":{"line":33,"column":25},"end":{"line":33,"column":53}}},"2":{"name":"(anonymous_3)","decl":{"start":{"line":36,"column":19},"end":{"line":36,"column":20}},"loc":{"start":{"line":36,"column":33},"end":{"line":36,"column":71}}}},"branchMap":{"0":{"loc":{"start":{"line":29,"column":20},"end":{"line":29,"column":50}},"type":"default-arg","locations":[{"start":{"line":29,"column":46},"end":{"line":29,"column":50}}]}},"s":{"0":3,"1":3,"2":3,"3":3,"4":3,"5":7,"6":7,"7":7,"8":7,"9":7,"10":16,"11":0,"12":7,"13":7,"14":7,"15":3},"f":{"0":7,"1":16,"2":0},"b":{"0":[0]}}
,"/Users/brandonnull/Stardust/stardust-custodial-sdk/src/stardust/StardustWalletAPI.ts": {"path":"/Users/brandonnull/Stardust/stardust-custodial-sdk/src/stardust/StardustWalletAPI.ts","statementMap":{"0":{"start":{"line":1,"column":0},"end":{"line":1,"column":56}},"1":{"start":{"line":2,"column":0},"end":{"line":2,"column":46}},"2":{"start":{"line":6,"column":23},"end":{"line":6,"column":51}},"3":{"start":{"line":7,"column":4},"end":{"line":12,"column":6}},"4":{"start":{"line":16,"column":23},"end":{"line":16,"column":62}},"5":{"start":{"line":17,"column":4},"end":{"line":22,"column":6}},"6":{"start":{"line":4,"column":0},"end":{"line":4,"column":21}}},"fnMap":{"0":{"name":"(anonymous_1)","decl":{"start":{"line":5,"column":9},"end":{"line":5,"column":14}},"loc":{"start":{"line":5,"column":21},"end":{"line":13,"column":3}}},"1":{"name":"(anonymous_2)","decl":{"start":{"line":15,"column":9},"end":{"line":15,"column":14}},"loc":{"start":{"line":15,"column":35},"end":{"line":23,"column":3}}}},"branchMap":{"0":{"loc":{"start":{"line":11,"column":6},"end":{"line":11,"column":68}},"type":"cond-expr","locations":[{"start":{"line":11,"column":30},"end":{"line":11,"column":61}},{"start":{"line":11,"column":64},"end":{"line":11,"column":68}}]},"1":{"loc":{"start":{"line":21,"column":6},"end":{"line":21,"column":68}},"type":"cond-expr","locations":[{"start":{"line":21,"column":30},"end":{"line":21,"column":61}},{"start":{"line":21,"column":64},"end":{"line":21,"column":68}}]}},"s":{"0":3,"1":3,"2":2,"3":2,"4":5,"5":5,"6":3},"f":{"0":2,"1":5},"b":{"0":[0,2],"1":[1,4]}}
,"/Users/brandonnull/Stardust/stardust-custodial-sdk/src/stardust/StardustSigners/AbstractStardustSigner.ts": {"path":"/Users/brandonnull/Stardust/stardust-custodial-sdk/src/stardust/StardustSigners/AbstractStardustSigner.ts","statementMap":{"0":{"start":{"line":1,"column":0},"end":{"line":1,"column":30}}},"fnMap":{},"branchMap":{},"s":{"0":4},"f":{},"b":{}}
,"/Users/brandonnull/Stardust/stardust-custodial-sdk/src/stardust/StardustSigners/evm/EvmStardustSigner.ts": {"path":"/Users/brandonnull/Stardust/stardust-custodial-sdk/src/stardust/StardustSigners/evm/EvmStardustSigner.ts","statementMap":{"0":{"start":{"line":1,"column":0},"end":{"line":1,"column":35}},"1":{"start":{"line":2,"column":0},"end":{"line":2,"column":56}},"2":{"start":{"line":4,"column":0},"end":{"line":4,"column":63}},"3":{"start":{"line":5,"column":0},"end":{"line":5,"column":49}},"4":{"start":{"line":6,"column":0},"end":{"line":6,"column":94}},"5":{"start":{"line":16,"column":4},"end":{"line":16,"column":12}},"6":{"start":{"line":17,"column":4},"end":{"line":17,"column":29}},"7":{"start":{"line":18,"column":4},"end":{"line":18,"column":45}},"8":{"start":{"line":19,"column":4},"end":{"line":19,"column":27}},"9":{"start":{"line":23,"column":4},"end":{"line":26,"column":null}},"10":{"start":{"line":25,"column":6},"end":{"line":25,"column":45}},"11":{"start":{"line":28,"column":40},"end":{"line":32,"column":6}},"12":{"start":{"line":34,"column":4},"end":{"line":34,"column":41}},"13":{"start":{"line":38,"column":39},"end":{"line":41,"column":6}},"14":{"start":{"line":42,"column":4},"end":{"line":42,"column":65}},"15":{"start":{"line":46,"column":4},"end":{"line":49,"column":7}},"16":{"start":{"line":53,"column":24},"end":{"line":53,"column":59}},"17":{"start":{"line":54,"column":40},"end":{"line":58,"column":6}},"18":{"start":{"line":60,"column":4},"end":{"line":60,"column":41}},"19":{"start":{"line":64,"column":26},"end":{"line":64,"column":58}},"20":{"start":{"line":69,"column":4},"end":{"line":77,"column":null}},"21":{"start":{"line":70,"column":6},"end":{"line":70,"column":73}},"22":{"start":{"line":71,"column":6},"end":{"line":71,"column":38}},"23":{"start":{"line":73,"column":6},"end":{"line":75,"column":63}},"24":{"start":{"line":76,"column":6},"end":{"line":76,"column":45}},"25":{"start":{"line":80,"column":6},"end":{"line":82,"column":43}},"26":{"start":{"line":84,"column":4},"end":{"line":84,"column":27}},"27":{"start":{"line":8,"column":0},"end":{"line":8,"column":21}}},"fnMap":{"0":{"name":"(anonymous_1)","decl":{"start":{"line":15,"column":2},"end":{"line":15,"column":14}},"loc":{"start":{"line":15,"column":46},"end":{"line":20,"column":3}}},"1":{"name":"(anonymous_2)","decl":{"start":{"line":22,"column":9},"end":{"line":22,"column":14}},"loc":{"start":{"line":22,"column":50},"end":{"line":35,"column":3}}},"2":{"name":"(anonymous_3)","decl":{"start":{"line":37,"column":9},"end":{"line":37,"column":14}},"loc":{"start":{"line":37,"column":25},"end":{"line":43,"column":3}}},"3":{"name":"(anonymous_4)","decl":{"start":{"line":45,"column":9},"end":{"line":45,"column":14}},"loc":{"start":{"line":45,"column":27},"end":{"line":50,"column":3}}},"4":{"name":"(anonymous_5)","decl":{"start":{"line":52,"column":9},"end":{"line":52,"column":14}},"loc":{"start":{"line":52,"column":55},"end":{"line":61,"column":3}}},"5":{"name":"(anonymous_6)","decl":{"start":{"line":63,"column":10},"end":{"line":63,"column":31}},"loc":{"start":{"line":63,"column":60},"end":{"line":85,"column":3}}}},"branchMap":{"0":{"loc":{"start":{"line":23,"column":4},"end":{"line":26,"column":null}},"type":"if","locations":[{"start":{"line":23,"column":4},"end":{"line":26,"column":null}}]},"1":{"loc":{"start":{"line":69,"column":4},"end":{"line":77,"column":null}},"type":"if","locations":[{"start":{"line":69,"column":4},"end":{"line":77,"column":null}},{"start":{"line":72,"column":11},"end":{"line":77,"column":null}}]},"2":{"loc":{"start":{"line":73,"column":23},"end":{"line":75,"column":62}},"type":"cond-expr","locations":[{"start":{"line":74,"column":10},"end":{"line":74,"column":36}},{"start":{"line":75,"column":10},"end":{"line":75,"column":62}}]}},"s":{"0":4,"1":4,"2":4,"3":4,"4":4,"5":17,"6":17,"7":17,"8":17,"9":2,"10":1,"11":2,"12":2,"13":26,"14":26,"15":1,"16":6,"17":6,"18":6,"19":6,"20":6,"21":1,"22":1,"23":5,"24":5,"25":6,"26":6,"27":4},"f":{"0":17,"1":2,"2":26,"3":1,"4":6,"5":6},"b":{"0":[1],"1":[1,5],"2":[2,3]}}
,"/Users/brandonnull/Stardust/stardust-custodial-sdk/src/stardust/StardustSigners/imx/ImxStardustSigner.ts": {"path":"/Users/brandonnull/Stardust/stardust-custodial-sdk/src/stardust/StardustSigners/imx/ImxStardustSigner.ts","statementMap":{"0":{"start":{"line":1,"column":0},"end":{"line":1,"column":96}},"1":{"start":{"line":9,"column":4},"end":{"line":9,"column":41}},"2":{"start":{"line":13,"column":4},"end":{"line":13,"column":54}},"3":{"start":{"line":17,"column":4},"end":{"line":17,"column":62}},"4":{"start":{"line":21,"column":4},"end":{"line":21,"column":54}},"5":{"start":{"line":25,"column":4},"end":{"line":25,"column":31}},"6":{"start":{"line":31,"column":4},"end":{"line":31,"column":28}},"7":{"start":{"line":5,"column":0},"end":{"line":5,"column":21}}},"fnMap":{"0":{"name":"(anonymous_0)","decl":{"start":{"line":8,"column":2},"end":{"line":8,"column":14}},"loc":{"start":{"line":8,"column":44},"end":{"line":10,"column":3}}},"1":{"name":"(anonymous_1)","decl":{"start":{"line":12,"column":9},"end":{"line":12,"column":14}},"loc":{"start":{"line":12,"column":29},"end":{"line":14,"column":3}}},"2":{"name":"(anonymous_2)","decl":{"start":{"line":16,"column":10},"end":{"line":16,"column":15}},"loc":{"start":{"line":16,"column":26},"end":{"line":18,"column":3}}},"3":{"name":"(anonymous_3)","decl":{"start":{"line":20,"column":9},"end":{"line":20,"column":14}},"loc":{"start":{"line":20,"column":27},"end":{"line":22,"column":3}}},"4":{"name":"(anonymous_4)","decl":{"start":{"line":24,"column":9},"end":{"line":24,"column":14}},"loc":{"start":{"line":24,"column":25},"end":{"line":26,"column":3}}},"5":{"name":"(anonymous_5)","decl":{"start":{"line":29,"column":9},"end":{"line":29,"column":14}},"loc":{"start":{"line":29,"column":51},"end":{"line":32,"column":3}}}},"branchMap":{},"s":{"0":4,"1":8,"2":1,"3":1,"4":0,"5":0,"6":0,"7":4},"f":{"0":8,"1":1,"2":1,"3":0,"4":0,"5":0},"b":{}}
,"/Users/brandonnull/Stardust/stardust-custodial-sdk/src/stardust/StardustSigners/sui/SuiStardustSigner.ts": {"path":"/Users/brandonnull/Stardust/stardust-custodial-sdk/src/stardust/StardustSigners/sui/SuiStardustSigner.ts","statementMap":{"0":{"start":{"line":1,"column":0},"end":{"line":1,"column":77}},"1":{"start":{"line":2,"column":0},"end":{"line":2,"column":48}},"2":{"start":{"line":3,"column":0},"end":{"line":3,"column":55}},"3":{"start":{"line":5,"column":0},"end":{"line":5,"column":56}},"4":{"start":{"line":16,"column":4},"end":{"line":16,"column":23}},"5":{"start":{"line":17,"column":4},"end":{"line":17,"column":45}},"6":{"start":{"line":18,"column":4},"end":{"line":18,"column":27}},"7":{"start":{"line":22,"column":38},"end":{"line":25,"column":6}},"8":{"start":{"line":26,"column":4},"end":{"line":26,"column":41}},"9":{"start":{"line":30,"column":4},"end":{"line":33,"column":null}},"10":{"start":{"line":32,"column":6},"end":{"line":32,"column":45}},"11":{"start":{"line":35,"column":39},"end":{"line":39,"column":6}},"12":{"start":{"line":40,"column":4},"end":{"line":40,"column":54}},"13":{"start":{"line":44,"column":26},"end":{"line":44,"column":81}},"14":{"start":{"line":45,"column":19},"end":{"line":45,"column":56}},"15":{"start":{"line":46,"column":4},"end":{"line":46,"column":32}},"16":{"start":{"line":50,"column":30},"end":{"line":50,"column":64}},"17":{"start":{"line":51,"column":4},"end":{"line":51,"column":42}},"18":{"start":{"line":52,"column":4},"end":{"line":52,"column":38}},"19":{"start":{"line":53,"column":26},"end":{"line":53,"column":91}},"20":{"start":{"line":54,"column":19},"end":{"line":54,"column":56}},"21":{"start":{"line":55,"column":4},"end":{"line":55,"column":32}},"22":{"start":{"line":59,"column":38},"end":{"line":62,"column":6}},"23":{"start":{"line":63,"column":4},"end":{"line":63,"column":39}},"24":{"start":{"line":8,"column":0},"end":{"line":8,"column":21}}},"fnMap":{"0":{"name":"(anonymous_1)","decl":{"start":{"line":15,"column":2},"end":{"line":15,"column":14}},"loc":{"start":{"line":15,"column":40},"end":{"line":19,"column":3}}},"1":{"name":"(anonymous_2)","decl":{"start":{"line":21,"column":9},"end":{"line":21,"column":14}},"loc":{"start":{"line":21,"column":27},"end":{"line":27,"column":3}}},"2":{"name":"(anonymous_3)","decl":{"start":{"line":29,"column":9},"end":{"line":29,"column":14}},"loc":{"start":{"line":29,"column":50},"end":{"line":41,"column":3}}},"3":{"name":"(anonymous_4)","decl":{"start":{"line":43,"column":9},"end":{"line":43,"column":14}},"loc":{"start":{"line":43,"column":55},"end":{"line":47,"column":3}}},"4":{"name":"(anonymous_5)","decl":{"start":{"line":49,"column":9},"end":{"line":49,"column":14}},"loc":{"start":{"line":49,"column":54},"end":{"line":56,"column":3}}},"5":{"name":"(anonymous_6)","decl":{"start":{"line":58,"column":9},"end":{"line":58,"column":14}},"loc":{"start":{"line":58,"column":25},"end":{"line":64,"column":3}}}},"branchMap":{"0":{"loc":{"start":{"line":30,"column":4},"end":{"line":33,"column":null}},"type":"if","locations":[{"start":{"line":30,"column":4},"end":{"line":33,"column":null}}]}},"s":{"0":4,"1":4,"2":4,"3":4,"4":8,"5":8,"6":8,"7":1,"8":1,"9":4,"10":1,"11":4,"12":4,"13":1,"14":1,"15":1,"16":1,"17":1,"18":1,"19":1,"20":1,"21":1,"22":1,"23":1,"24":4},"f":{"0":8,"1":1,"2":4,"3":1,"4":1,"5":1},"b":{"0":[1]}}
,"/Users/brandonnull/Stardust/stardust-custodial-sdk/src/utils/HexString.ts": {"path":"/Users/brandonnull/Stardust/stardust-custodial-sdk/src/utils/HexString.ts","statementMap":{"0":{"start":{"line":5,"column":4},"end":{"line":13,"column":null}},"1":{"start":{"line":6,"column":6},"end":{"line":6,"column":62}},"2":{"start":{"line":7,"column":11},"end":{"line":13,"column":null}},"3":{"start":{"line":8,"column":6},"end":{"line":8,"column":65}},"4":{"start":{"line":9,"column":11},"end":{"line":13,"column":null}},"5":{"start":{"line":10,"column":6},"end":{"line":10,"column":31}},"6":{"start":{"line":12,"column":6},"end":{"line":12,"column":49}},"7":{"start":{"line":17,"column":4},"end":{"line":19,"column":null}},"8":{"start":{"line":18,"column":6},"end":{"line":18,"column":33}},"9":{"start":{"line":20,"column":4},"end":{"line":20,"column":32}},"10":{"start":{"line":24,"column":4},"end":{"line":24,"column":75}},"11":{"start":{"line":28,"column":4},"end":{"line":28,"column":40}},"12":{"start":{"line":32,"column":28},"end":{"line":32,"column":62}},"13":{"start":{"line":33,"column":26},"end":{"line":33,"column":60}},"14":{"start":{"line":34,"column":4},"end":{"line":34,"column":56}},"15":{"start":{"line":38,"column":28},"end":{"line":38,"column":62}},"16":{"start":{"line":39,"column":26},"end":{"line":39,"column":60}},"17":{"start":{"line":40,"column":24},"end":{"line":40,"column":68}},"18":{"start":{"line":41,"column":4},"end":{"line":41,"column":30}},"19":{"start":{"line":45,"column":4},"end":{"line":45,"column":39}},"20":{"start":{"line":49,"column":4},"end":{"line":49,"column":44}},"21":{"start":{"line":53,"column":4},"end":{"line":53,"column":22}},"22":{"start":{"line":57,"column":4},"end":{"line":57,"column":33}},"23":{"start":{"line":62,"column":23},"end":{"line":62,"column":38}},"24":{"start":{"line":63,"column":4},"end":{"line":63,"column":29}},"25":{"start":{"line":67,"column":23},"end":{"line":67,"column":44}},"26":{"start":{"line":68,"column":4},"end":{"line":70,"column":null}},"27":{"start":{"line":69,"column":6},"end":{"line":69,"column":44}},"28":{"start":{"line":72,"column":4},"end":{"line":72,"column":70}},"29":{"start":{"line":1,"column":0},"end":{"line":1,"column":21}}},"fnMap":{"0":{"name":"(anonymous_0)","decl":{"start":{"line":4,"column":2},"end":{"line":4,"column":14}},"loc":{"start":{"line":4,"column":73},"end":{"line":14,"column":3}}},"1":{"name":"(anonymous_1)","decl":{"start":{"line":16,"column":9},"end":{"line":16,"column":17}},"loc":{"start":{"line":16,"column":70},"end":{"line":21,"column":3}}},"2":{"name":"(anonymous_2)","decl":{"start":{"line":23,"column":9},"end":{"line":23,"column":15}},"loc":{"start":{"line":23,"column":42},"end":{"line":25,"column":3}}},"3":{"name":"(anonymous_3)","decl":{"start":{"line":27,"column":9},"end":{"line":27,"column":15}},"loc":{"start":{"line":27,"column":57},"end":{"line":29,"column":3}}},"4":{"name":"(anonymous_4)","decl":{"start":{"line":31,"column":9},"end":{"line":31,"column":14}},"loc":{"start":{"line":31,"column":26},"end":{"line":35,"column":3}}},"5":{"name":"(anonymous_5)","decl":{"start":{"line":37,"column":9},"end":{"line":37,"column":15}},"loc":{"start":{"line":37,"column":27},"end":{"line":42,"column":3}}},"6":{"name":"(anonymous_6)","decl":{"start":{"line":44,"column":2},"end":{"line":44,"column":6}},"loc":{"start":{"line":44,"column":16},"end":{"line":46,"column":3}}},"7":{"name":"(anonymous_7)","decl":{"start":{"line":48,"column":2},"end":{"line":48,"column":6}},"loc":{"start":{"line":48,"column":12},"end":{"line":50,"column":3}}},"8":{"name":"(anonymous_8)","decl":{"start":{"line":52,"column":9},"end":{"line":52,"column":15}},"loc":{"start":{"line":52,"column":15},"end":{"line":54,"column":3}}},"9":{"name":"(anonymous_9)","decl":{"start":{"line":56,"column":2},"end":{"line":56,"column":6}},"loc":{"start":{"line":56,"column":12},"end":{"line":58,"column":3}}},"10":{"name":"(anonymous_10)","decl":{"start":{"line":61,"column":2},"end":{"line":61,"column":6}},"loc":{"start":{"line":61,"column":12},"end":{"line":64,"column":3}}},"11":{"name":"(anonymous_11)","decl":{"start":{"line":66,"column":9},"end":{"line":66,"column":15}},"loc":{"start":{"line":66,"column":40},"end":{"line":73,"column":3}}}},"branchMap":{"0":{"loc":{"start":{"line":5,"column":4},"end":{"line":13,"column":null}},"type":"if","locations":[{"start":{"line":5,"column":4},"end":{"line":13,"column":null}},{"start":{"line":7,"column":11},"end":{"line":13,"column":null}}]},"1":{"loc":{"start":{"line":7,"column":11},"end":{"line":13,"column":null}},"type":"if","locations":[{"start":{"line":7,"column":11},"end":{"line":13,"column":null}},{"start":{"line":9,"column":11},"end":{"line":13,"column":null}}]},"2":{"loc":{"start":{"line":9,"column":11},"end":{"line":13,"column":null}},"type":"if","locations":[{"start":{"line":9,"column":11},"end":{"line":13,"column":null}},{"start":{"line":11,"column":11},"end":{"line":13,"column":null}}]},"3":{"loc":{"start":{"line":16,"column":59},"end":{"line":16,"column":70}},"type":"default-arg","locations":[{"start":{"line":16,"column":69},"end":{"line":16,"column":70}}]},"4":{"loc":{"start":{"line":17,"column":4},"end":{"line":19,"column":null}},"type":"if","locations":[{"start":{"line":17,"column":4},"end":{"line":19,"column":null}}]},"5":{"loc":{"start":{"line":24,"column":11},"end":{"line":24,"column":74}},"type":"cond-expr","locations":[{"start":{"line":24,"column":36},"end":{"line":24,"column":41}},{"start":{"line":24,"column":44},"end":{"line":24,"column":74}}]},"6":{"loc":{"start":{"line":31,"column":15},"end":{"line":31,"column":26}},"type":"default-arg","locations":[{"start":{"line":31,"column":25},"end":{"line":31,"column":26}}]},"7":{"loc":{"start":{"line":37,"column":16},"end":{"line":37,"column":27}},"type":"default-arg","locations":[{"start":{"line":37,"column":26},"end":{"line":37,"column":27}}]},"8":{"loc":{"start":{"line":68,"column":4},"end":{"line":70,"column":null}},"type":"if","locations":[{"start":{"line":68,"column":4},"end":{"line":70,"column":null}}]},"9":{"loc":{"start":{"line":72,"column":12},"end":{"line":72,"column":51}},"type":"cond-expr","locations":[{"start":{"line":72,"column":35},"end":{"line":72,"column":38}},{"start":{"line":72,"column":41},"end":{"line":72,"column":51}}]}},"s":{"0":16,"1":0,"2":16,"3":1,"4":15,"5":0,"6":15,"7":1,"8":0,"9":1,"10":16,"11":16,"12":15,"13":15,"14":15,"15":1,"16":1,"17":1,"18":1,"19":1,"20":1,"21":0,"22":0,"23":1,"24":1,"25":16,"26":16,"27":0,"28":16,"29":6},"f":{"0":16,"1":1,"2":16,"3":16,"4":15,"5":1,"6":1,"7":1,"8":0,"9":0,"10":1,"11":16},"b":{"0":[0,16],"1":[1,15],"2":[0,15],"3":[1],"4":[0],"5":[16,0],"6":[15],"7":[0],"8":[0],"9":[9,7]}}
,"/Users/brandonnull/Stardust/stardust-custodial-sdk/src/utils/convertStringToHexString.ts": {"path":"/Users/brandonnull/Stardust/stardust-custodial-sdk/src/utils/convertStringToHexString.ts","statementMap":{"0":{"start":{"line":1,"column":0},"end":{"line":1,"column":40}},"1":{"start":{"line":6,"column":2},"end":{"line":11,"column":null}},"2":{"start":{"line":7,"column":4},"end":{"line":7,"column":20}},"3":{"start":{"line":9,"column":19},"end":{"line":9,"column":43}},"4":{"start":{"line":10,"column":4},"end":{"line":10,"column":46}},"5":{"start":{"line":13,"column":2},"end":{"line":13,"column":19}},"6":{"start":{"line":3,"column":0},"end":{"line":3,"column":24}}},"fnMap":{"0":{"name":"convertStringToHexString","decl":{"start":{"line":3,"column":24},"end":{"line":3,"column":48}},"loc":{"start":{"line":3,"column":60},"end":{"line":14,"column":1}}}},"branchMap":{"0":{"loc":{"start":{"line":6,"column":2},"end":{"line":11,"column":null}},"type":"if","locations":[{"start":{"line":6,"column":2},"end":{"line":11,"column":null}},{"start":{"line":8,"column":9},"end":{"line":11,"column":null}}]}},"s":{"0":6,"1":21,"2":1,"3":20,"4":20,"5":21,"6":6},"f":{"0":21},"b":{"0":[1,20]}}
,"/Users/brandonnull/Stardust/stardust-custodial-sdk/src/utils/convertToHex.ts": {"path":"/Users/brandonnull/Stardust/stardust-custodial-sdk/src/utils/convertToHex.ts","statementMap":{"0":{"start":{"line":1,"column":0},"end":{"line":1,"column":66}},"1":{"start":{"line":2,"column":0},"end":{"line":2,"column":60}},"2":{"start":{"line":5,"column":2},"end":{"line":7,"column":null}},"3":{"start":{"line":6,"column":4},"end":{"line":6,"column":43}},"4":{"start":{"line":8,"column":2},"end":{"line":8,"column":38}},"5":{"start":{"line":4,"column":0},"end":{"line":4,"column":24}}},"fnMap":{"0":{"name":"convertToHex","decl":{"start":{"line":4,"column":24},"end":{"line":4,"column":36}},"loc":{"start":{"line":4,"column":63},"end":{"line":9,"column":1}}}},"branchMap":{"0":{"loc":{"start":{"line":5,"column":2},"end":{"line":7,"column":null}},"type":"if","locations":[{"start":{"line":5,"column":2},"end":{"line":7,"column":null}}]}},"s":{"0":6,"1":6,"2":5,"3":4,"4":1,"5":6},"f":{"0":5},"b":{"0":[4]}}
,"/Users/brandonnull/Stardust/stardust-custodial-sdk/src/utils/index.ts": {"path":"/Users/brandonnull/Stardust/stardust-custodial-sdk/src/utils/index.ts","statementMap":{"0":{"start":{"line":1,"column":0},"end":{"line":1,"column":7}},"1":{"start":{"line":11,"column":9},"end":{"line":1,"column":36}},"2":{"start":{"line":3,"column":0},"end":{"line":3,"column":7}},"3":{"start":{"line":11,"column":20},"end":{"line":3,"column":40}},"4":{"start":{"line":5,"column":0},"end":{"line":5,"column":7}},"5":{"start":{"line":11,"column":33},"end":{"line":5,"column":66}},"6":{"start":{"line":7,"column":0},"end":{"line":7,"column":7}},"7":{"start":{"line":11,"column":59},"end":{"line":7,"column":60}},"8":{"start":{"line":9,"column":0},"end":{"line":9,"column":7}},"9":{"start":{"line":11,"column":82},"end":{"line":9,"column":42}}},"fnMap":{},"branchMap":{},"s":{"0":6,"1":6,"2":6,"3":6,"4":6,"5":6,"6":6,"7":6,"8":6,"9":6},"f":{},"b":{}}
,"/Users/brandonnull/Stardust/stardust-custodial-sdk/src/utils/isHexString.ts": {"path":"/Users/brandonnull/Stardust/stardust-custodial-sdk/src/utils/isHexString.ts","statementMap":{"0":{"start":{"line":2,"column":19},"end":{"line":2,"column":37}},"1":{"start":{"line":3,"column":2},"end":{"line":3,"column":28}},"2":{"start":{"line":1,"column":0},"end":{"line":1,"column":24}}},"fnMap":{"0":{"name":"isHexString","decl":{"start":{"line":1,"column":24},"end":{"line":1,"column":35}},"loc":{"start":{"line":1,"column":47},"end":{"line":4,"column":1}}}},"branchMap":{},"s":{"0":26,"1":26,"2":6},"f":{"0":26},"b":{}}
,"/Users/brandonnull/Stardust/stardust-custodial-sdk/src/utils/uint8ArrayToHexString.ts": {"path":"/Users/brandonnull/Stardust/stardust-custodial-sdk/src/utils/uint8ArrayToHexString.ts","statementMap":{"0":{"start":{"line":2,"column":2},"end":{"line":2,"column":95}},"1":{"start":{"line":2,"column":47},"end":{"line":2,"column":87}},"2":{"start":{"line":1,"column":0},"end":{"line":1,"column":24}}},"fnMap":{"0":{"name":"uint8ArrayToHexString","decl":{"start":{"line":1,"column":24},"end":{"line":1,"column":45}},"loc":{"start":{"line":1,"column":68},"end":{"line":3,"column":1}}},"1":{"name":"(anonymous_1)","decl":{"start":{"line":2,"column":32},"end":{"line":2,"column":33}},"loc":{"start":{"line":2,"column":47},"end":{"line":2,"column":87}}}},"branchMap":{},"s":{"0":4,"1":21,"2":6},"f":{"0":4,"1":21},"b":{}}
}
