{"/Users/brandonnull/Stardust/stardust-custodial-sdk/src/index.ts": {"path":"/Users/brandonnull/Stardust/stardust-custodial-sdk/src/index.ts","statementMap":{"0":{"start":{"line":1,"column":0},"end":{"line":1,"column":7}},"1":{"start":{"line":14,"column":2},"end":{"line":1,"column":67}},"2":{"start":{"line":2,"column":0},"end":{"line":2,"column":7}},"3":{"start":{"line":15,"column":2},"end":{"line":2,"column":77}},"4":{"start":{"line":3,"column":0},"end":{"line":3,"column":7}},"5":{"start":{"line":16,"column":2},"end":{"line":3,"column":62}},"6":{"start":{"line":4,"column":0},"end":{"line":4,"column":7}},"7":{"start":{"line":17,"column":2},"end":{"line":4,"column":65}},"8":{"start":{"line":5,"column":0},"end":{"line":5,"column":7}},"9":{"start":{"line":18,"column":2},"end":{"line":5,"column":85}},"10":{"start":{"line":8,"column":0},"end":{"line":8,"column":30}},"11":{"start":{"line":11,"column":0},"end":{"line":11,"column":24}}},"fnMap":{},"branchMap":{},"s":{"0":0,"1":0,"2":0,"3":0,"4":0,"5":0,"6":0,"7":0,"8":0,"9":0,"10":0,"11":0},"f":{},"b":{}}
,"/Users/brandonnull/Stardust/stardust-custodial-sdk/src/ethers/V5/EthersV5Signer.ts": {"path":"/Users/brandonnull/Stardust/stardust-custodial-sdk/src/ethers/V5/EthersV5Signer.ts","statementMap":{"0":{"start":{"line":1,"column":0},"end":{"line":1,"column":56}},"1":{"start":{"line":2,"column":0},"end":{"line":2,"column":74}},"2":{"start":{"line":3,"column":0},"end":{"line":3,"column":77}},"3":{"start":{"line":14,"column":4},"end":{"line":14,"column":12}},"4":{"start":{"line":15,"column":4},"end":{"line":15,"column":47}},"5":{"start":{"line":16,"column":4},"end":{"line":16,"column":29}},"6":{"start":{"line":20,"column":4},"end":{"line":20,"column":47}},"7":{"start":{"line":24,"column":4},"end":{"line":24,"column":55}},"8":{"start":{"line":28,"column":4},"end":{"line":28,"column":51}},"9":{"start":{"line":32,"column":15},"end":{"line":32,"column":51}},"10":{"start":{"line":33,"column":4},"end":{"line":38,"column":null}},"11":{"start":{"line":34,"column":6},"end":{"line":36,"column":null}},"12":{"start":{"line":35,"column":8},"end":{"line":35,"column":49}},"13":{"start":{"line":37,"column":6},"end":{"line":37,"column":21}},"14":{"start":{"line":39,"column":20},"end":{"line":39,"column":54}},"15":{"start":{"line":40,"column":40},"end":{"line":44,"column":6}},"16":{"start":{"line":45,"column":22},"end":{"line":45,"column":93}},"17":{"start":{"line":46,"column":4},"end":{"line":46,"column":57}},"18":{"start":{"line":50,"column":4},"end":{"line":50,"column":64}},"19":{"start":{"line":8,"column":0},"end":{"line":8,"column":21}}},"fnMap":{"0":{"name":"(anonymous_0)","decl":{"start":{"line":13,"column":2},"end":{"line":13,"column":14}},"loc":{"start":{"line":13,"column":71},"end":{"line":17,"column":3}}},"1":{"name":"(anonymous_1)","decl":{"start":{"line":19,"column":9},"end":{"line":19,"column":14}},"loc":{"start":{"line":19,"column":25},"end":{"line":21,"column":3}}},"2":{"name":"(anonymous_2)","decl":{"start":{"line":23,"column":9},"end":{"line":23,"column":14}},"loc":{"start":{"line":23,"column":42},"end":{"line":25,"column":3}}},"3":{"name":"(anonymous_3)","decl":{"start":{"line":27,"column":9},"end":{"line":27,"column":14}},"loc":{"start":{"line":27,"column":51},"end":{"line":29,"column":3}}},"4":{"name":"(anonymous_4)","decl":{"start":{"line":31,"column":9},"end":{"line":31,"column":14}},"loc":{"start":{"line":31,"column":74},"end":{"line":47,"column":3}}},"5":{"name":"(anonymous_5)","decl":{"start":{"line":49,"column":9},"end":{"line":49,"column":16}},"loc":{"start":{"line":49,"column":35},"end":{"line":51,"column":3}}}},"branchMap":{"0":{"loc":{"start":{"line":33,"column":4},"end":{"line":38,"column":null}},"type":"if","locations":[{"start":{"line":33,"column":4},"end":{"line":38,"column":null}}]},"1":{"loc":{"start":{"line":34,"column":6},"end":{"line":36,"column":null}},"type":"if","locations":[{"start":{"line":34,"column":6},"end":{"line":36,"column":null}}]}},"s":{"0":1,"1":1,"2":1,"3":11,"4":11,"5":11,"6":0,"7":0,"8":0,"9":0,"10":0,"11":0,"12":0,"13":0,"14":0,"15":0,"16":0,"17":0,"18":0,"19":1},"f":{"0":11,"1":0,"2":0,"3":0,"4":0,"5":0},"b":{"0":[0],"1":[0]}}
,"/Users/brandonnull/Stardust/stardust-custodial-sdk/src/ethers/V6/EthersV6Signer.ts": {"path":"/Users/brandonnull/Stardust/stardust-custodial-sdk/src/ethers/V6/EthersV6Signer.ts","statementMap":{"0":{"start":{"line":1,"column":0},"end":{"line":1,"column":null}},"1":{"start":{"line":21,"column":4},"end":{"line":21,"column":20}},"2":{"start":{"line":22,"column":4},"end":{"line":22,"column":47}},"3":{"start":{"line":26,"column":4},"end":{"line":26,"column":47}},"4":{"start":{"line":31,"column":25},"end":{"line":34,"column":6}},"5":{"start":{"line":36,"column":4},"end":{"line":39,"column":null}},"6":{"start":{"line":38,"column":6},"end":{"line":38,"column":17}},"7":{"start":{"line":40,"column":4},"end":{"line":43,"column":null}},"8":{"start":{"line":42,"column":6},"end":{"line":42,"column":21}},"9":{"start":{"line":45,"column":4},"end":{"line":54,"column":null}},"10":{"start":{"line":46,"column":6},"end":{"line":51,"column":8}},"11":{"start":{"line":53,"column":6},"end":{"line":53,"column":21}},"12":{"start":{"line":57,"column":20},"end":{"line":57,"column":65}},"13":{"start":{"line":58,"column":35},"end":{"line":58,"column":42}},"14":{"start":{"line":60,"column":40},"end":{"line":64,"column":6}},"15":{"start":{"line":65,"column":22},"end":{"line":65,"column":93}},"16":{"start":{"line":66,"column":4},"end":{"line":66,"column":34}},"17":{"start":{"line":67,"column":4},"end":{"line":67,"column":30}},"18":{"start":{"line":71,"column":4},"end":{"line":71,"column":55}},"19":{"start":{"line":79,"column":22},"end":{"line":100,"column":null}},"20":{"start":{"line":84,"column":8},"end":{"line":92,"column":10}},"21":{"start":{"line":94,"column":24},"end":{"line":94,"column":62}},"22":{"start":{"line":95,"column":8},"end":{"line":97,"column":11}},"23":{"start":{"line":99,"column":8},"end":{"line":99,"column":23}},"24":{"start":{"line":103,"column":29},"end":{"line":103,"column":94}},"25":{"start":{"line":105,"column":40},"end":{"line":109,"column":6}},"26":{"start":{"line":111,"column":16},"end":{"line":111,"column":87}},"27":{"start":{"line":112,"column":21},"end":{"line":112,"column":47}},"28":{"start":{"line":113,"column":4},"end":{"line":113,"column":54}},"29":{"start":{"line":117,"column":4},"end":{"line":117,"column":64}},"30":{"start":{"line":17,"column":0},"end":{"line":17,"column":21}}},"fnMap":{"0":{"name":"(anonymous_0)","decl":{"start":{"line":20,"column":2},"end":{"line":20,"column":14}},"loc":{"start":{"line":20,"column":70},"end":{"line":23,"column":3}}},"1":{"name":"(anonymous_1)","decl":{"start":{"line":25,"column":9},"end":{"line":25,"column":14}},"loc":{"start":{"line":25,"column":25},"end":{"line":27,"column":3}}},"2":{"name":"(anonymous_2)","decl":{"start":{"line":29,"column":9},"end":{"line":29,"column":14}},"loc":{"start":{"line":29,"column":60},"end":{"line":68,"column":3}}},"3":{"name":"(anonymous_3)","decl":{"start":{"line":70,"column":9},"end":{"line":70,"column":14}},"loc":{"start":{"line":70,"column":55},"end":{"line":72,"column":3}}},"4":{"name":"(anonymous_4)","decl":{"start":{"line":74,"column":9},"end":{"line":74,"column":14}},"loc":{"start":{"line":77,"column":30},"end":{"line":114,"column":3}}},"5":{"name":"(anonymous_5)","decl":{"start":{"line":83,"column":6},"end":{"line":83,"column":11}},"loc":{"start":{"line":83,"column":29},"end":{"line":100,"column":7}}},"6":{"name":"(anonymous_6)","decl":{"start":{"line":116,"column":9},"end":{"line":116,"column":16}},"loc":{"start":{"line":116,"column":35},"end":{"line":118,"column":3}}}},"branchMap":{"0":{"loc":{"start":{"line":32,"column":10},"end":{"line":32,"column":66}},"type":"cond-expr","locations":[{"start":{"line":32,"column":18},"end":{"line":32,"column":54}},{"start":{"line":32,"column":57},"end":{"line":32,"column":66}}]},"1":{"loc":{"start":{"line":33,"column":12},"end":{"line":33,"column":72}},"type":"cond-expr","locations":[{"start":{"line":33,"column":22},"end":{"line":33,"column":60}},{"start":{"line":33,"column":63},"end":{"line":33,"column":72}}]},"2":{"loc":{"start":{"line":36,"column":4},"end":{"line":39,"column":null}},"type":"if","locations":[{"start":{"line":36,"column":4},"end":{"line":39,"column":null}}]},"3":{"loc":{"start":{"line":40,"column":4},"end":{"line":43,"column":null}},"type":"if","locations":[{"start":{"line":40,"column":4},"end":{"line":43,"column":null}}]},"4":{"loc":{"start":{"line":45,"column":4},"end":{"line":54,"column":null}},"type":"if","locations":[{"start":{"line":45,"column":4},"end":{"line":54,"column":null}}]}},"s":{"0":1,"1":0,"2":0,"3":0,"4":0,"5":0,"6":0,"7":0,"8":0,"9":0,"10":0,"11":0,"12":0,"13":0,"14":0,"15":0,"16":0,"17":0,"18":0,"19":0,"20":0,"21":0,"22":0,"23":0,"24":0,"25":0,"26":0,"27":0,"28":0,"29":0,"30":1},"f":{"0":0,"1":0,"2":0,"3":0,"4":0,"5":0,"6":0},"b":{"0":[0,0],"1":[0,0],"2":[0],"3":[0],"4":[0]}}
,"/Users/brandonnull/Stardust/stardust-custodial-sdk/src/stardust/StardustCustodialSDK.ts": {"path":"/Users/brandonnull/Stardust/stardust-custodial-sdk/src/stardust/StardustCustodialSDK.ts","statementMap":{"0":{"start":{"line":2,"column":0},"end":{"line":2,"column":74}},"1":{"start":{"line":4,"column":0},"end":{"line":4,"column":62}},"2":{"start":{"line":6,"column":0},"end":{"line":6,"column":82}},"3":{"start":{"line":8,"column":0},"end":{"line":8,"column":59}},"4":{"start":{"line":20,"column":4},"end":{"line":20,"column":74}},"5":{"start":{"line":21,"column":4},"end":{"line":21,"column":64}},"6":{"start":{"line":22,"column":4},"end":{"line":22,"column":66}},"7":{"start":{"line":23,"column":4},"end":{"line":23,"column":86}},"8":{"start":{"line":27,"column":4},"end":{"line":27,"column":45}},"9":{"start":{"line":34,"column":4},"end":{"line":34,"column":43}},"10":{"start":{"line":41,"column":4},"end":{"line":41,"column":48}},"11":{"start":{"line":45,"column":4},"end":{"line":45,"column":67}},"12":{"start":{"line":49,"column":4},"end":{"line":49,"column":50}},"13":{"start":{"line":55,"column":4},"end":{"line":55,"column":70}},"14":{"start":{"line":59,"column":4},"end":{"line":59,"column":74}},"15":{"start":{"line":10,"column":0},"end":{"line":10,"column":21}}},"fnMap":{"0":{"name":"(anonymous_1)","decl":{"start":{"line":19,"column":2},"end":{"line":19,"column":14}},"loc":{"start":{"line":19,"column":42},"end":{"line":24,"column":3}}},"1":{"name":"(anonymous_2)","decl":{"start":{"line":26,"column":9},"end":{"line":26,"column":14}},"loc":{"start":{"line":26,"column":29},"end":{"line":28,"column":3}}},"2":{"name":"(anonymous_3)","decl":{"start":{"line":33,"column":9},"end":{"line":33,"column":14}},"loc":{"start":{"line":33,"column":27},"end":{"line":35,"column":3}}},"3":{"name":"(anonymous_4)","decl":{"start":{"line":40,"column":9},"end":{"line":40,"column":14}},"loc":{"start":{"line":40,"column":41},"end":{"line":42,"column":3}}},"4":{"name":"(anonymous_5)","decl":{"start":{"line":44,"column":9},"end":{"line":44,"column":14}},"loc":{"start":{"line":44,"column":65},"end":{"line":46,"column":3}}},"5":{"name":"(anonymous_6)","decl":{"start":{"line":48,"column":9},"end":{"line":48,"column":14}},"loc":{"start":{"line":48,"column":43},"end":{"line":50,"column":3}}},"6":{"name":"(anonymous_7)","decl":{"start":{"line":52,"column":9},"end":{"line":52,"column":14}},"loc":{"start":{"line":53,"column":31},"end":{"line":56,"column":3}}},"7":{"name":"(anonymous_8)","decl":{"start":{"line":58,"column":9},"end":{"line":58,"column":14}},"loc":{"start":{"line":58,"column":69},"end":{"line":60,"column":3}}}},"branchMap":{},"s":{"0":1,"1":1,"2":1,"3":1,"4":1,"5":1,"6":1,"7":1,"8":1,"9":1,"10":3,"11":2,"12":4,"13":1,"14":1,"15":1},"f":{"0":1,"1":1,"2":1,"3":3,"4":2,"5":4,"6":1,"7":1},"b":{}}
,"/Users/brandonnull/Stardust/stardust-custodial-sdk/src/stardust/Api/BaseStardustAPI.ts": {"path":"/Users/brandonnull/Stardust/stardust-custodial-sdk/src/stardust/Api/BaseStardustAPI.ts","statementMap":{"0":{"start":{"line":1,"column":0},"end":{"line":1,"column":62}},"1":{"start":{"line":4,"column":12},"end":{"line":4,"column":50}},"2":{"start":{"line":9,"column":40},"end":{"line":9,"column":54}},"3":{"start":{"line":10,"column":4},"end":{"line":10,"column":51}},"4":{"start":{"line":6,"column":0},"end":{"line":6,"column":21}}},"fnMap":{"0":{"name":"(anonymous_1)","decl":{"start":{"line":9,"column":2},"end":{"line":9,"column":14}},"loc":{"start":{"line":9,"column":57},"end":{"line":11,"column":3}}}},"branchMap":{"0":{"loc":{"start":{"line":9,"column":40},"end":{"line":9,"column":57}},"type":"default-arg","locations":[{"start":{"line":9,"column":54},"end":{"line":9,"column":57}}]}},"s":{"0":1,"1":1,"2":66,"3":66,"4":1},"f":{"0":66},"b":{"0":[62]}}
,"/Users/brandonnull/Stardust/stardust-custodial-sdk/src/stardust/Api/BaseStardustAPIFactory.ts": {"path":"/Users/brandonnull/Stardust/stardust-custodial-sdk/src/stardust/Api/BaseStardustAPIFactory.ts","statementMap":{"0":{"start":{"line":1,"column":0},"end":{"line":1,"column":46}},"1":{"start":{"line":8,"column":2},"end":{"line":34,"column":7}},"2":{"start":{"line":9,"column":10},"end":{"line":9,"column":13}},"3":{"start":{"line":12,"column":23},"end":{"line":15,"column":8}},"4":{"start":{"line":17,"column":6},"end":{"line":18,"column":95}},"5":{"start":{"line":18,"column":8},"end":{"line":18,"column":95}},"6":{"start":{"line":19,"column":6},"end":{"line":19,"column":27}},"7":{"start":{"line":23,"column":23},"end":{"line":25,"column":8}},"8":{"start":{"line":26,"column":6},"end":{"line":27,"column":92}},"9":{"start":{"line":27,"column":8},"end":{"line":27,"column":92}},"10":{"start":{"line":28,"column":6},"end":{"line":28,"column":27}},"11":{"start":{"line":32,"column":6},"end":{"line":32,"column":20}},"12":{"start":{"line":4,"column":0},"end":{"line":4,"column":24}}},"fnMap":{"0":{"name":"BaseStardustAPIFactory","decl":{"start":{"line":4,"column":24},"end":{"line":4,"column":46}},"loc":{"start":{"line":6,"column":13},"end":{"line":35,"column":1}}},"1":{"name":"(anonymous_7)","decl":{"start":{"line":11,"column":11},"end":{"line":11,"column":16}},"loc":{"start":{"line":11,"column":49},"end":{"line":20,"column":5}}},"2":{"name":"(anonymous_8)","decl":{"start":{"line":22,"column":11},"end":{"line":22,"column":16}},"loc":{"start":{"line":22,"column":49},"end":{"line":29,"column":5}}},"3":{"name":"(anonymous_9)","decl":{"start":{"line":31,"column":4},"end":{"line":31,"column":8}},"loc":{"start":{"line":31,"column":14},"end":{"line":33,"column":5}}}},"branchMap":{"0":{"loc":{"start":{"line":11,"column":39},"end":{"line":11,"column":49}},"type":"default-arg","locations":[{"start":{"line":11,"column":47},"end":{"line":11,"column":49}}]},"1":{"loc":{"start":{"line":17,"column":6},"end":{"line":18,"column":95}},"type":"if","locations":[{"start":{"line":17,"column":6},"end":{"line":18,"column":95}}]},"2":{"loc":{"start":{"line":22,"column":40},"end":{"line":22,"column":49}},"type":"default-arg","locations":[{"start":{"line":22,"column":47},"end":{"line":22,"column":49}}]},"3":{"loc":{"start":{"line":26,"column":6},"end":{"line":27,"column":92}},"type":"if","locations":[{"start":{"line":26,"column":6},"end":{"line":27,"column":92}}]},"4":{"loc":{"start":{"line":26,"column":10},"end":{"line":26,"column":93}},"type":"binary-expr","locations":[{"start":{"line":26,"column":10},"end":{"line":26,"column":47}},{"start":{"line":26,"column":51},"end":{"line":26,"column":93}}]}},"s":{"0":1,"1":66,"2":66,"3":22,"4":22,"5":0,"6":22,"7":13,"8":13,"9":0,"10":13,"11":18,"12":1},"f":{"0":66,"1":22,"2":13,"3":18},"b":{"0":[14],"1":[0],"2":[0],"3":[0],"4":[13,12]}}
,"/Users/brandonnull/Stardust/stardust-custodial-sdk/src/stardust/Application/StardustApplication.ts": {"path":"/Users/brandonnull/Stardust/stardust-custodial-sdk/src/stardust/Application/StardustApplication.ts","statementMap":{"0":{"start":{"line":5,"column":11},"end":{"line":5,"column":21}},"1":{"start":{"line":6,"column":11},"end":{"line":6,"column":23}},"2":{"start":{"line":7,"column":11},"end":{"line":7,"column":24}},"3":{"start":{"line":8,"column":11},"end":{"line":8,"column":40}},"4":{"start":{"line":12,"column":4},"end":{"line":17,"column":6}},"5":{"start":{"line":3,"column":0},"end":{"line":3,"column":21}}},"fnMap":{"0":{"name":"(anonymous_0)","decl":{"start":{"line":4,"column":2},"end":{"line":4,"column":null}},"loc":{"start":{"line":8,"column":44},"end":{"line":9,"column":6}}},"1":{"name":"(anonymous_1)","decl":{"start":{"line":11,"column":9},"end":{"line":11,"column":15}},"loc":{"start":{"line":11,"column":65},"end":{"line":18,"column":3}}}},"branchMap":{"0":{"loc":{"start":{"line":8,"column":11},"end":{"line":8,"column":44}},"type":"default-arg","locations":[{"start":{"line":8,"column":40},"end":{"line":8,"column":44}}]}},"s":{"0":12,"1":12,"2":12,"3":12,"4":12,"5":1},"f":{"0":12,"1":12},"b":{"0":[6]}}
,"/Users/brandonnull/Stardust/stardust-custodial-sdk/src/stardust/Application/StardustApplicationAPI.ts": {"path":"/Users/brandonnull/Stardust/stardust-custodial-sdk/src/stardust/Application/StardustApplicationAPI.ts","statementMap":{"0":{"start":{"line":1,"column":0},"end":{"line":1,"column":53}},"1":{"start":{"line":2,"column":0},"end":{"line":2,"column":56}},"2":{"start":{"line":6,"column":28},"end":{"line":6,"column":61}},"3":{"start":{"line":7,"column":4},"end":{"line":7,"column":89}},"4":{"start":{"line":4,"column":0},"end":{"line":4,"column":21}}},"fnMap":{"0":{"name":"(anonymous_1)","decl":{"start":{"line":5,"column":9},"end":{"line":5,"column":14}},"loc":{"start":{"line":5,"column":18},"end":{"line":8,"column":3}}}},"branchMap":{},"s":{"0":1,"1":1,"2":1,"3":1,"4":1},"f":{"0":1},"b":{}}
,"/Users/brandonnull/Stardust/stardust-custodial-sdk/src/stardust/Profile/StardustProfile.ts": {"path":"/Users/brandonnull/Stardust/stardust-custodial-sdk/src/stardust/Profile/StardustProfile.ts","statementMap":{"0":{"start":{"line":2,"column":0},"end":{"line":2,"column":76}},"1":{"start":{"line":4,"column":0},"end":{"line":4,"column":54}},"2":{"start":{"line":6,"column":0},"end":{"line":6,"column":54}},"3":{"start":{"line":7,"column":0},"end":{"line":7,"column":68}},"4":{"start":{"line":8,"column":0},"end":{"line":8,"column":74}},"5":{"start":{"line":16,"column":20},"end":{"line":16,"column":30}},"6":{"start":{"line":17,"column":20},"end":{"line":17,"column":38}},"7":{"start":{"line":18,"column":20},"end":{"line":18,"column":41}},"8":{"start":{"line":19,"column":20},"end":{"line":19,"column":35}},"9":{"start":{"line":20,"column":20},"end":{"line":20,"column":55}},"10":{"start":{"line":21,"column":20},"end":{"line":21,"column":70}},"11":{"start":{"line":22,"column":20},"end":{"line":22,"column":42}},"12":{"start":{"line":25,"column":4},"end":{"line":25,"column":79}},"13":{"start":{"line":25,"column":48},"end":{"line":25,"column":71}},"14":{"start":{"line":26,"column":4},"end":{"line":30,"column":6}},"15":{"start":{"line":31,"column":4},"end":{"line":35,"column":6}},"16":{"start":{"line":42,"column":4},"end":{"line":46,"column":45}},"17":{"start":{"line":53,"column":4},"end":{"line":56,"column":45}},"18":{"start":{"line":71,"column":19},"end":{"line":71,"column":55}},"19":{"start":{"line":73,"column":4},"end":{"line":73,"column":58}},"20":{"start":{"line":77,"column":4},"end":{"line":90,"column":6}},"21":{"start":{"line":83,"column":8},"end":{"line":83,"column":78}},"22":{"start":{"line":86,"column":8},"end":{"line":86,"column":72}},"23":{"start":{"line":94,"column":4},"end":{"line":98,"column":45}},"24":{"start":{"line":102,"column":4},"end":{"line":106,"column":6}},"25":{"start":{"line":110,"column":4},"end":{"line":114,"column":35}},"26":{"start":{"line":12,"column":0},"end":{"line":12,"column":21}}},"fnMap":{"0":{"name":"(anonymous_1)","decl":{"start":{"line":15,"column":2},"end":{"line":15,"column":null}},"loc":{"start":{"line":23,"column":32},"end":{"line":36,"column":3}}},"1":{"name":"(anonymous_2)","decl":{"start":{"line":25,"column":36},"end":{"line":25,"column":37}},"loc":{"start":{"line":25,"column":48},"end":{"line":25,"column":71}}},"2":{"name":"(anonymous_3)","decl":{"start":{"line":38,"column":9},"end":{"line":38,"column":14}},"loc":{"start":{"line":40,"column":17},"end":{"line":47,"column":3}}},"3":{"name":"(anonymous_4)","decl":{"start":{"line":49,"column":9},"end":{"line":49,"column":14}},"loc":{"start":{"line":51,"column":17},"end":{"line":57,"column":3}}},"4":{"name":"(anonymous_5)","decl":{"start":{"line":67,"column":9},"end":{"line":67,"column":14}},"loc":{"start":{"line":69,"column":22},"end":{"line":74,"column":3}}},"5":{"name":"(anonymous_6)","decl":{"start":{"line":76,"column":9},"end":{"line":76,"column":15}},"loc":{"start":{"line":76,"column":57},"end":{"line":91,"column":3}}},"6":{"name":"(anonymous_7)","decl":{"start":{"line":82,"column":31},"end":{"line":82,"column":32}},"loc":{"start":{"line":83,"column":8},"end":{"line":83,"column":78}}},"7":{"name":"(anonymous_8)","decl":{"start":{"line":85,"column":35},"end":{"line":85,"column":36}},"loc":{"start":{"line":86,"column":8},"end":{"line":86,"column":72}}},"8":{"name":"(anonymous_9)","decl":{"start":{"line":93,"column":2},"end":{"line":93,"column":6}},"loc":{"start":{"line":93,"column":34},"end":{"line":99,"column":3}}},"9":{"name":"(anonymous_10)","decl":{"start":{"line":101,"column":2},"end":{"line":101,"column":6}},"loc":{"start":{"line":101,"column":93},"end":{"line":107,"column":3}}},"10":{"name":"(anonymous_11)","decl":{"start":{"line":109,"column":2},"end":{"line":109,"column":6}},"loc":{"start":{"line":109,"column":24},"end":{"line":115,"column":3}}}},"branchMap":{"0":{"loc":{"start":{"line":20,"column":20},"end":{"line":20,"column":57}},"type":"default-arg","locations":[{"start":{"line":20,"column":55},"end":{"line":20,"column":57}}]},"1":{"loc":{"start":{"line":21,"column":20},"end":{"line":21,"column":72}},"type":"default-arg","locations":[{"start":{"line":21,"column":70},"end":{"line":21,"column":72}}]},"2":{"loc":{"start":{"line":22,"column":20},"end":{"line":22,"column":46}},"type":"default-arg","locations":[{"start":{"line":22,"column":42},"end":{"line":22,"column":46}}]},"3":{"loc":{"start":{"line":23,"column":4},"end":{"line":23,"column":32}},"type":"default-arg","locations":[{"start":{"line":23,"column":28},"end":{"line":23,"column":32}}]},"4":{"loc":{"start":{"line":25,"column":20},"end":{"line":25,"column":78}},"type":"binary-expr","locations":[{"start":{"line":25,"column":20},"end":{"line":25,"column":72}},{"start":{"line":25,"column":76},"end":{"line":25,"column":78}}]},"5":{"loc":{"start":{"line":68,"column":4},"end":{"line":68,"column":21}},"type":"default-arg","locations":[{"start":{"line":68,"column":20},"end":{"line":68,"column":21}}]},"6":{"loc":{"start":{"line":69,"column":4},"end":{"line":69,"column":22}},"type":"default-arg","locations":[{"start":{"line":69,"column":20},"end":{"line":69,"column":22}}]}},"s":{"0":1,"1":1,"2":1,"3":1,"4":1,"5":7,"6":7,"7":7,"8":7,"9":7,"10":7,"11":7,"12":7,"13":7,"14":7,"15":7,"16":1,"17":1,"18":2,"19":2,"20":7,"21":7,"22":3,"23":4,"24":1,"25":0,"26":1},"f":{"0":7,"1":7,"2":1,"3":1,"4":2,"5":7,"6":7,"7":3,"8":4,"9":1,"10":0},"b":{"0":[0],"1":[2],"2":[0],"3":[0],"4":[7,0],"5":[2],"6":[2]}}
,"/Users/brandonnull/Stardust/stardust-custodial-sdk/src/stardust/Profile/StardustProfileAPI.ts": {"path":"/Users/brandonnull/Stardust/stardust-custodial-sdk/src/stardust/Profile/StardustProfileAPI.ts","statementMap":{"0":{"start":{"line":1,"column":0},"end":{"line":1,"column":53}},"1":{"start":{"line":3,"column":0},"end":{"line":3,"column":48}},"2":{"start":{"line":8,"column":24},"end":{"line":8,"column":62}},"3":{"start":{"line":9,"column":4},"end":{"line":9,"column":81}},"4":{"start":{"line":13,"column":24},"end":{"line":13,"column":93}},"5":{"start":{"line":14,"column":4},"end":{"line":14,"column":81}},"6":{"start":{"line":18,"column":34},"end":{"line":20,"column":6}},"7":{"start":{"line":21,"column":4},"end":{"line":21,"column":37}},"8":{"start":{"line":6,"column":0},"end":{"line":6,"column":21}}},"fnMap":{"0":{"name":"(anonymous_1)","decl":{"start":{"line":7,"column":9},"end":{"line":7,"column":14}},"loc":{"start":{"line":7,"column":57},"end":{"line":10,"column":3}}},"1":{"name":"(anonymous_2)","decl":{"start":{"line":12,"column":9},"end":{"line":12,"column":14}},"loc":{"start":{"line":12,"column":36},"end":{"line":15,"column":3}}},"2":{"name":"(anonymous_3)","decl":{"start":{"line":17,"column":9},"end":{"line":17,"column":14}},"loc":{"start":{"line":17,"column":68},"end":{"line":22,"column":3}}}},"branchMap":{},"s":{"0":1,"1":1,"2":2,"3":2,"4":5,"5":5,"6":1,"7":1,"8":1},"f":{"0":2,"1":5,"2":1},"b":{}}
,"/Users/brandonnull/Stardust/stardust-custodial-sdk/src/stardust/Profile/StardustProfileIdentifier.ts": {"path":"/Users/brandonnull/Stardust/stardust-custodial-sdk/src/stardust/Profile/StardustProfileIdentifier.ts","statementMap":{"0":{"start":{"line":5,"column":20},"end":{"line":5,"column":30}},"1":{"start":{"line":6,"column":20},"end":{"line":6,"column":38}},"2":{"start":{"line":7,"column":20},"end":{"line":7,"column":37}},"3":{"start":{"line":8,"column":20},"end":{"line":8,"column":35}},"4":{"start":{"line":9,"column":20},"end":{"line":9,"column":33}},"5":{"start":{"line":10,"column":20},"end":{"line":10,"column":55}},"6":{"start":{"line":11,"column":20},"end":{"line":11,"column":35}},"7":{"start":{"line":17,"column":4},"end":{"line":25,"column":6}},"8":{"start":{"line":3,"column":0},"end":{"line":3,"column":21}}},"fnMap":{"0":{"name":"(anonymous_0)","decl":{"start":{"line":4,"column":2},"end":{"line":4,"column":null}},"loc":{"start":{"line":11,"column":35},"end":{"line":12,"column":6}}},"1":{"name":"(anonymous_1)","decl":{"start":{"line":14,"column":9},"end":{"line":14,"column":15}},"loc":{"start":{"line":15,"column":56},"end":{"line":26,"column":3}}}},"branchMap":{},"s":{"0":9,"1":9,"2":9,"3":9,"4":9,"5":9,"6":9,"7":9,"8":1},"f":{"0":9,"1":9},"b":{}}
,"/Users/brandonnull/Stardust/stardust-custodial-sdk/src/stardust/Profile/StardustProfileIdentifierAPI.ts": {"path":"/Users/brandonnull/Stardust/stardust-custodial-sdk/src/stardust/Profile/StardustProfileIdentifierAPI.ts","statementMap":{"0":{"start":{"line":1,"column":0},"end":{"line":1,"column":53}},"1":{"start":{"line":2,"column":0},"end":{"line":2,"column":68}},"2":{"start":{"line":15,"column":30},"end":{"line":15,"column":79}},"3":{"start":{"line":16,"column":4},"end":{"line":16,"column":56}},"4":{"start":{"line":17,"column":4},"end":{"line":20,"column":7}},"5":{"start":{"line":27,"column":30},"end":{"line":29,"column":null}},"6":{"start":{"line":31,"column":4},"end":{"line":34,"column":7}},"7":{"start":{"line":38,"column":30},"end":{"line":38,"column":93}},"8":{"start":{"line":39,"column":4},"end":{"line":42,"column":7}},"9":{"start":{"line":48,"column":31},"end":{"line":48,"column":79}},"10":{"start":{"line":49,"column":4},"end":{"line":51,"column":6}},"11":{"start":{"line":50,"column":6},"end":{"line":50,"column":91}},"12":{"start":{"line":11,"column":0},"end":{"line":11,"column":21}}},"fnMap":{"0":{"name":"(anonymous_1)","decl":{"start":{"line":12,"column":9},"end":{"line":12,"column":14}},"loc":{"start":{"line":13,"column":55},"end":{"line":21,"column":3}}},"1":{"name":"(anonymous_2)","decl":{"start":{"line":23,"column":9},"end":{"line":23,"column":14}},"loc":{"start":{"line":25,"column":63},"end":{"line":35,"column":3}}},"2":{"name":"(anonymous_3)","decl":{"start":{"line":37,"column":9},"end":{"line":37,"column":14}},"loc":{"start":{"line":37,"column":46},"end":{"line":43,"column":3}}},"3":{"name":"(anonymous_4)","decl":{"start":{"line":45,"column":9},"end":{"line":45,"column":14}},"loc":{"start":{"line":46,"column":47},"end":{"line":52,"column":3}}},"4":{"name":"(anonymous_5)","decl":{"start":{"line":49,"column":42},"end":{"line":49,"column":43}},"loc":{"start":{"line":50,"column":6},"end":{"line":50,"column":91}}}},"branchMap":{},"s":{"0":1,"1":1,"2":1,"3":1,"4":1,"5":1,"6":1,"7":1,"8":1,"9":2,"10":2,"11":3,"12":1},"f":{"0":1,"1":1,"2":1,"3":2,"4":3},"b":{}}
,"/Users/brandonnull/Stardust/stardust-custodial-sdk/src/stardust/Profile/Types.ts": {"path":"/Users/brandonnull/Stardust/stardust-custodial-sdk/src/stardust/Profile/Types.ts","statementMap":{"0":{"start":{"line":28,"column":0},"end":{"line":28,"column":null}},"1":{"start":{"line":29,"column":2},"end":{"line":29,"column":null}},"2":{"start":{"line":30,"column":2},"end":{"line":30,"column":null}},"3":{"start":{"line":33,"column":0},"end":{"line":33,"column":null}},"4":{"start":{"line":34,"column":2},"end":{"line":34,"column":null}},"5":{"start":{"line":35,"column":2},"end":{"line":35,"column":null}},"6":{"start":{"line":36,"column":2},"end":{"line":36,"column":null}}},"fnMap":{"0":{"name":"(anonymous_0)","decl":{"start":{"line":28,"column":0},"end":{"line":28,"column":12}},"loc":{"start":{"line":28,"column":41},"end":{"line":31,"column":1}}},"1":{"name":"(anonymous_1)","decl":{"start":{"line":33,"column":0},"end":{"line":33,"column":12}},"loc":{"start":{"line":33,"column":43},"end":{"line":37,"column":1}}}},"branchMap":{"0":{"loc":{"start":{"line":28,"column":12},"end":{"line":28,"column":null}},"type":"binary-expr","locations":[{"start":{"line":28,"column":12},"end":{"line":28,"column":41}},{"start":{"line":28,"column":12},"end":{"line":28,"column":null}}]},"1":{"loc":{"start":{"line":33,"column":12},"end":{"line":33,"column":null}},"type":"binary-expr","locations":[{"start":{"line":33,"column":12},"end":{"line":33,"column":43}},{"start":{"line":33,"column":12},"end":{"line":33,"column":null}}]}},"s":{"0":1,"1":1,"2":1,"3":1,"4":1,"5":1,"6":1},"f":{"0":1,"1":1},"b":{"0":[1,1],"1":[1,1]}}
,"/Users/brandonnull/Stardust/stardust-custodial-sdk/src/stardust/Signers/AbstractStardustSigner.ts": {"path":"/Users/brandonnull/Stardust/stardust-custodial-sdk/src/stardust/Signers/AbstractStardustSigner.ts","statementMap":{"0":{"start":{"line":1,"column":0},"end":{"line":1,"column":30}}},"fnMap":{},"branchMap":{},"s":{"0":1},"f":{},"b":{}}
,"/Users/brandonnull/Stardust/stardust-custodial-sdk/src/stardust/Signers/StardustSignerAPI.ts": {"path":"/Users/brandonnull/Stardust/stardust-custodial-sdk/src/stardust/Signers/StardustSignerAPI.ts","statementMap":{"0":{"start":{"line":2,"column":0},"end":{"line":2,"column":53}},"1":{"start":{"line":6,"column":21},"end":{"line":6,"column":72}},"2":{"start":{"line":7,"column":4},"end":{"line":7,"column":28}},"3":{"start":{"line":11,"column":21},"end":{"line":11,"column":75}},"4":{"start":{"line":12,"column":4},"end":{"line":12,"column":30}},"5":{"start":{"line":16,"column":26},"end":{"line":16,"column":76}},"6":{"start":{"line":17,"column":4},"end":{"line":17,"column":21}},"7":{"start":{"line":21,"column":26},"end":{"line":21,"column":80}},"8":{"start":{"line":22,"column":4},"end":{"line":22,"column":21}},"9":{"start":{"line":4,"column":0},"end":{"line":4,"column":21}}},"fnMap":{"0":{"name":"(anonymous_1)","decl":{"start":{"line":5,"column":9},"end":{"line":5,"column":14}},"loc":{"start":{"line":5,"column":58},"end":{"line":8,"column":3}}},"1":{"name":"(anonymous_2)","decl":{"start":{"line":10,"column":9},"end":{"line":10,"column":14}},"loc":{"start":{"line":10,"column":60},"end":{"line":13,"column":3}}},"2":{"name":"(anonymous_3)","decl":{"start":{"line":15,"column":9},"end":{"line":15,"column":14}},"loc":{"start":{"line":15,"column":60},"end":{"line":18,"column":3}}},"3":{"name":"(anonymous_4)","decl":{"start":{"line":20,"column":9},"end":{"line":20,"column":14}},"loc":{"start":{"line":20,"column":64},"end":{"line":23,"column":3}}}},"branchMap":{},"s":{"0":1,"1":3,"2":3,"3":3,"4":3,"5":7,"6":7,"7":0,"8":0,"9":1},"f":{"0":3,"1":3,"2":7,"3":0},"b":{}}
,"/Users/brandonnull/Stardust/stardust-custodial-sdk/src/stardust/Signers/evm/EvmStardustSigner.ts": {"path":"/Users/brandonnull/Stardust/stardust-custodial-sdk/src/stardust/Signers/evm/EvmStardustSigner.ts","statementMap":{"0":{"start":{"line":1,"column":0},"end":{"line":1,"column":35}},"1":{"start":{"line":2,"column":0},"end":{"line":2,"column":53}},"2":{"start":{"line":4,"column":0},"end":{"line":4,"column":63}},"3":{"start":{"line":5,"column":0},"end":{"line":5,"column":49}},"4":{"start":{"line":6,"column":0},"end":{"line":6,"column":94}},"5":{"start":{"line":7,"column":0},"end":{"line":7,"column":79}},"6":{"start":{"line":15,"column":4},"end":{"line":15,"column":12}},"7":{"start":{"line":16,"column":4},"end":{"line":16,"column":29}},"8":{"start":{"line":17,"column":4},"end":{"line":17,"column":27}},"9":{"start":{"line":19,"column":4},"end":{"line":23,"column":6}},"10":{"start":{"line":27,"column":4},"end":{"line":30,"column":null}},"11":{"start":{"line":29,"column":6},"end":{"line":29,"column":45}},"12":{"start":{"line":32,"column":40},"end":{"line":36,"column":6}},"13":{"start":{"line":38,"column":4},"end":{"line":38,"column":55}},"14":{"start":{"line":42,"column":39},"end":{"line":45,"column":6}},"15":{"start":{"line":46,"column":4},"end":{"line":46,"column":79}},"16":{"start":{"line":50,"column":4},"end":{"line":53,"column":7}},"17":{"start":{"line":57,"column":24},"end":{"line":57,"column":59}},"18":{"start":{"line":58,"column":40},"end":{"line":62,"column":6}},"19":{"start":{"line":64,"column":4},"end":{"line":64,"column":55}},"20":{"start":{"line":68,"column":26},"end":{"line":68,"column":58}},"21":{"start":{"line":73,"column":4},"end":{"line":81,"column":null}},"22":{"start":{"line":74,"column":6},"end":{"line":74,"column":73}},"23":{"start":{"line":75,"column":6},"end":{"line":75,"column":38}},"24":{"start":{"line":77,"column":6},"end":{"line":79,"column":63}},"25":{"start":{"line":80,"column":6},"end":{"line":80,"column":45}},"26":{"start":{"line":84,"column":6},"end":{"line":86,"column":43}},"27":{"start":{"line":88,"column":4},"end":{"line":88,"column":27}},"28":{"start":{"line":92,"column":4},"end":{"line":96,"column":34}},"29":{"start":{"line":100,"column":4},"end":{"line":100,"column":94}},"30":{"start":{"line":9,"column":0},"end":{"line":9,"column":21}}},"fnMap":{"0":{"name":"(anonymous_1)","decl":{"start":{"line":14,"column":2},"end":{"line":14,"column":14}},"loc":{"start":{"line":14,"column":46},"end":{"line":24,"column":3}}},"1":{"name":"(anonymous_2)","decl":{"start":{"line":26,"column":9},"end":{"line":26,"column":14}},"loc":{"start":{"line":26,"column":50},"end":{"line":39,"column":3}}},"2":{"name":"(anonymous_3)","decl":{"start":{"line":41,"column":9},"end":{"line":41,"column":14}},"loc":{"start":{"line":41,"column":25},"end":{"line":47,"column":3}}},"3":{"name":"(anonymous_4)","decl":{"start":{"line":49,"column":9},"end":{"line":49,"column":14}},"loc":{"start":{"line":49,"column":27},"end":{"line":54,"column":3}}},"4":{"name":"(anonymous_5)","decl":{"start":{"line":56,"column":9},"end":{"line":56,"column":14}},"loc":{"start":{"line":56,"column":55},"end":{"line":65,"column":3}}},"5":{"name":"(anonymous_6)","decl":{"start":{"line":67,"column":9},"end":{"line":67,"column":30}},"loc":{"start":{"line":67,"column":59},"end":{"line":89,"column":3}}},"6":{"name":"(anonymous_7)","decl":{"start":{"line":91,"column":2},"end":{"line":91,"column":6}},"loc":{"start":{"line":91,"column":23},"end":{"line":97,"column":3}}},"7":{"name":"(anonymous_8)","decl":{"start":{"line":99,"column":2},"end":{"line":99,"column":6}},"loc":{"start":{"line":99,"column":60},"end":{"line":101,"column":3}}}},"branchMap":{"0":{"loc":{"start":{"line":27,"column":4},"end":{"line":30,"column":null}},"type":"if","locations":[{"start":{"line":27,"column":4},"end":{"line":30,"column":null}}]},"1":{"loc":{"start":{"line":73,"column":4},"end":{"line":81,"column":null}},"type":"if","locations":[{"start":{"line":73,"column":4},"end":{"line":81,"column":null}},{"start":{"line":76,"column":11},"end":{"line":81,"column":null}}]},"2":{"loc":{"start":{"line":77,"column":23},"end":{"line":79,"column":62}},"type":"cond-expr","locations":[{"start":{"line":78,"column":10},"end":{"line":78,"column":36}},{"start":{"line":79,"column":10},"end":{"line":79,"column":62}}]}},"s":{"0":1,"1":1,"2":1,"3":1,"4":1,"5":1,"6":11,"7":11,"8":11,"9":11,"10":0,"11":0,"12":0,"13":0,"14":0,"15":0,"16":0,"17":0,"18":0,"19":0,"20":0,"21":0,"22":0,"23":0,"24":0,"25":0,"26":0,"27":0,"28":0,"29":0,"30":1},"f":{"0":11,"1":0,"2":0,"3":0,"4":0,"5":0,"6":0,"7":0},"b":{"0":[0],"1":[0,0],"2":[0,0]}}
,"/Users/brandonnull/Stardust/stardust-custodial-sdk/src/stardust/Signers/imx/ImxStardustSigner.ts": {"path":"/Users/brandonnull/Stardust/stardust-custodial-sdk/src/stardust/Signers/imx/ImxStardustSigner.ts","statementMap":{"0":{"start":{"line":1,"column":0},"end":{"line":1,"column":96}},"1":{"start":{"line":9,"column":4},"end":{"line":9,"column":41}},"2":{"start":{"line":13,"column":4},"end":{"line":13,"column":54}},"3":{"start":{"line":17,"column":4},"end":{"line":17,"column":62}},"4":{"start":{"line":21,"column":4},"end":{"line":21,"column":54}},"5":{"start":{"line":25,"column":4},"end":{"line":25,"column":31}},"6":{"start":{"line":31,"column":4},"end":{"line":31,"column":28}},"7":{"start":{"line":5,"column":0},"end":{"line":5,"column":21}}},"fnMap":{"0":{"name":"(anonymous_0)","decl":{"start":{"line":8,"column":2},"end":{"line":8,"column":14}},"loc":{"start":{"line":8,"column":44},"end":{"line":10,"column":3}}},"1":{"name":"(anonymous_1)","decl":{"start":{"line":12,"column":9},"end":{"line":12,"column":14}},"loc":{"start":{"line":12,"column":29},"end":{"line":14,"column":3}}},"2":{"name":"(anonymous_2)","decl":{"start":{"line":16,"column":10},"end":{"line":16,"column":15}},"loc":{"start":{"line":16,"column":26},"end":{"line":18,"column":3}}},"3":{"name":"(anonymous_3)","decl":{"start":{"line":20,"column":9},"end":{"line":20,"column":14}},"loc":{"start":{"line":20,"column":27},"end":{"line":22,"column":3}}},"4":{"name":"(anonymous_4)","decl":{"start":{"line":24,"column":9},"end":{"line":24,"column":14}},"loc":{"start":{"line":24,"column":25},"end":{"line":26,"column":3}}},"5":{"name":"(anonymous_5)","decl":{"start":{"line":29,"column":9},"end":{"line":29,"column":14}},"loc":{"start":{"line":29,"column":51},"end":{"line":32,"column":3}}}},"branchMap":{},"s":{"0":1,"1":11,"2":0,"3":0,"4":0,"5":0,"6":0,"7":1},"f":{"0":11,"1":0,"2":0,"3":0,"4":0,"5":0},"b":{}}
,"/Users/brandonnull/Stardust/stardust-custodial-sdk/src/stardust/Signers/sol/SolStardustSigner.ts": {"path":"/Users/brandonnull/Stardust/stardust-custodial-sdk/src/stardust/Signers/sol/SolStardustSigner.ts","statementMap":{"0":{"start":{"line":1,"column":0},"end":{"line":1,"column":79}},"1":{"start":{"line":2,"column":0},"end":{"line":2,"column":53}},"2":{"start":{"line":4,"column":0},"end":{"line":4,"column":63}},"3":{"start":{"line":5,"column":0},"end":{"line":5,"column":94}},"4":{"start":{"line":13,"column":4},"end":{"line":13,"column":12}},"5":{"start":{"line":14,"column":4},"end":{"line":14,"column":29}},"6":{"start":{"line":15,"column":4},"end":{"line":15,"column":27}},"7":{"start":{"line":16,"column":4},"end":{"line":20,"column":6}},"8":{"start":{"line":24,"column":4},"end":{"line":27,"column":null}},"9":{"start":{"line":26,"column":6},"end":{"line":26,"column":45}},"10":{"start":{"line":29,"column":40},"end":{"line":33,"column":6}},"11":{"start":{"line":35,"column":4},"end":{"line":35,"column":55}},"12":{"start":{"line":39,"column":39},"end":{"line":42,"column":6}},"13":{"start":{"line":43,"column":4},"end":{"line":43,"column":54}},"14":{"start":{"line":47,"column":4},"end":{"line":50,"column":7}},"15":{"start":{"line":54,"column":26},"end":{"line":54,"column":52}},"16":{"start":{"line":55,"column":40},"end":{"line":59,"column":6}},"17":{"start":{"line":61,"column":4},"end":{"line":61,"column":55}},"18":{"start":{"line":66,"column":4},"end":{"line":72,"column":null}},"19":{"start":{"line":67,"column":6},"end":{"line":67,"column":54}},"20":{"start":{"line":69,"column":6},"end":{"line":71,"column":44}},"21":{"start":{"line":73,"column":4},"end":{"line":73,"column":26}},"22":{"start":{"line":77,"column":4},"end":{"line":77,"column":94}},"23":{"start":{"line":81,"column":4},"end":{"line":85,"column":34}},"24":{"start":{"line":7,"column":0},"end":{"line":7,"column":21}}},"fnMap":{"0":{"name":"(anonymous_1)","decl":{"start":{"line":12,"column":2},"end":{"line":12,"column":14}},"loc":{"start":{"line":12,"column":46},"end":{"line":21,"column":3}}},"1":{"name":"(anonymous_2)","decl":{"start":{"line":23,"column":9},"end":{"line":23,"column":14}},"loc":{"start":{"line":23,"column":50},"end":{"line":36,"column":3}}},"2":{"name":"(anonymous_3)","decl":{"start":{"line":38,"column":9},"end":{"line":38,"column":14}},"loc":{"start":{"line":38,"column":25},"end":{"line":44,"column":3}}},"3":{"name":"(anonymous_4)","decl":{"start":{"line":46,"column":9},"end":{"line":46,"column":14}},"loc":{"start":{"line":46,"column":27},"end":{"line":51,"column":3}}},"4":{"name":"(anonymous_5)","decl":{"start":{"line":53,"column":9},"end":{"line":53,"column":14}},"loc":{"start":{"line":53,"column":55},"end":{"line":62,"column":3}}},"5":{"name":"(anonymous_6)","decl":{"start":{"line":64,"column":10},"end":{"line":64,"column":22}},"loc":{"start":{"line":64,"column":51},"end":{"line":74,"column":3}}},"6":{"name":"(anonymous_7)","decl":{"start":{"line":76,"column":2},"end":{"line":76,"column":6}},"loc":{"start":{"line":76,"column":60},"end":{"line":78,"column":3}}},"7":{"name":"(anonymous_8)","decl":{"start":{"line":80,"column":2},"end":{"line":80,"column":6}},"loc":{"start":{"line":80,"column":23},"end":{"line":86,"column":3}}}},"branchMap":{"0":{"loc":{"start":{"line":24,"column":4},"end":{"line":27,"column":null}},"type":"if","locations":[{"start":{"line":24,"column":4},"end":{"line":27,"column":null}}]},"1":{"loc":{"start":{"line":66,"column":4},"end":{"line":72,"column":null}},"type":"if","locations":[{"start":{"line":66,"column":4},"end":{"line":72,"column":null}},{"start":{"line":68,"column":11},"end":{"line":72,"column":null}}]},"2":{"loc":{"start":{"line":69,"column":23},"end":{"line":71,"column":43}},"type":"cond-expr","locations":[{"start":{"line":70,"column":10},"end":{"line":70,"column":36}},{"start":{"line":71,"column":10},"end":{"line":71,"column":43}}]}},"s":{"0":1,"1":1,"2":1,"3":1,"4":11,"5":11,"6":11,"7":11,"8":0,"9":0,"10":0,"11":0,"12":0,"13":0,"14":0,"15":1,"16":1,"17":1,"18":1,"19":0,"20":1,"21":1,"22":1,"23":1,"24":1},"f":{"0":11,"1":0,"2":0,"3":0,"4":1,"5":1,"6":1,"7":1},"b":{"0":[0],"1":[0,1],"2":[0,1]}}
,"/Users/brandonnull/Stardust/stardust-custodial-sdk/src/stardust/Signers/sui/SuiStardustSigner.ts": {"path":"/Users/brandonnull/Stardust/stardust-custodial-sdk/src/stardust/Signers/sui/SuiStardustSigner.ts","statementMap":{"0":{"start":{"line":1,"column":0},"end":{"line":1,"column":77}},"1":{"start":{"line":2,"column":0},"end":{"line":2,"column":48}},"2":{"start":{"line":3,"column":0},"end":{"line":3,"column":79}},"3":{"start":{"line":4,"column":0},"end":{"line":4,"column":55}},"4":{"start":{"line":6,"column":0},"end":{"line":6,"column":53}},"5":{"start":{"line":15,"column":4},"end":{"line":15,"column":23}},"6":{"start":{"line":16,"column":4},"end":{"line":16,"column":27}},"7":{"start":{"line":18,"column":4},"end":{"line":22,"column":6}},"8":{"start":{"line":26,"column":38},"end":{"line":29,"column":6}},"9":{"start":{"line":30,"column":4},"end":{"line":30,"column":55}},"10":{"start":{"line":34,"column":4},"end":{"line":37,"column":null}},"11":{"start":{"line":36,"column":6},"end":{"line":36,"column":45}},"12":{"start":{"line":39,"column":39},"end":{"line":43,"column":6}},"13":{"start":{"line":44,"column":4},"end":{"line":44,"column":68}},"14":{"start":{"line":48,"column":26},"end":{"line":48,"column":81}},"15":{"start":{"line":49,"column":19},"end":{"line":49,"column":56}},"16":{"start":{"line":50,"column":4},"end":{"line":50,"column":32}},"17":{"start":{"line":54,"column":30},"end":{"line":54,"column":64}},"18":{"start":{"line":55,"column":4},"end":{"line":55,"column":42}},"19":{"start":{"line":56,"column":4},"end":{"line":56,"column":38}},"20":{"start":{"line":57,"column":26},"end":{"line":57,"column":91}},"21":{"start":{"line":58,"column":19},"end":{"line":58,"column":56}},"22":{"start":{"line":59,"column":4},"end":{"line":59,"column":32}},"23":{"start":{"line":63,"column":38},"end":{"line":66,"column":6}},"24":{"start":{"line":67,"column":4},"end":{"line":67,"column":53}},"25":{"start":{"line":71,"column":4},"end":{"line":75,"column":34}},"26":{"start":{"line":79,"column":4},"end":{"line":79,"column":94}},"27":{"start":{"line":9,"column":0},"end":{"line":9,"column":21}}},"fnMap":{"0":{"name":"(anonymous_1)","decl":{"start":{"line":14,"column":2},"end":{"line":14,"column":14}},"loc":{"start":{"line":14,"column":40},"end":{"line":23,"column":3}}},"1":{"name":"(anonymous_2)","decl":{"start":{"line":25,"column":9},"end":{"line":25,"column":14}},"loc":{"start":{"line":25,"column":27},"end":{"line":31,"column":3}}},"2":{"name":"(anonymous_3)","decl":{"start":{"line":33,"column":9},"end":{"line":33,"column":14}},"loc":{"start":{"line":33,"column":50},"end":{"line":45,"column":3}}},"3":{"name":"(anonymous_4)","decl":{"start":{"line":47,"column":9},"end":{"line":47,"column":14}},"loc":{"start":{"line":47,"column":55},"end":{"line":51,"column":3}}},"4":{"name":"(anonymous_5)","decl":{"start":{"line":53,"column":9},"end":{"line":53,"column":14}},"loc":{"start":{"line":53,"column":54},"end":{"line":60,"column":3}}},"5":{"name":"(anonymous_6)","decl":{"start":{"line":62,"column":9},"end":{"line":62,"column":14}},"loc":{"start":{"line":62,"column":25},"end":{"line":68,"column":3}}},"6":{"name":"(anonymous_7)","decl":{"start":{"line":70,"column":2},"end":{"line":70,"column":6}},"loc":{"start":{"line":70,"column":23},"end":{"line":76,"column":3}}},"7":{"name":"(anonymous_8)","decl":{"start":{"line":78,"column":2},"end":{"line":78,"column":6}},"loc":{"start":{"line":78,"column":60},"end":{"line":80,"column":3}}}},"branchMap":{"0":{"loc":{"start":{"line":34,"column":4},"end":{"line":37,"column":null}},"type":"if","locations":[{"start":{"line":34,"column":4},"end":{"line":37,"column":null}}]}},"s":{"0":1,"1":1,"2":1,"3":1,"4":1,"5":11,"6":11,"7":11,"8":0,"9":0,"10":0,"11":0,"12":0,"13":0,"14":0,"15":0,"16":0,"17":0,"18":0,"19":0,"20":0,"21":0,"22":0,"23":0,"24":0,"25":0,"26":0,"27":1},"f":{"0":11,"1":0,"2":0,"3":0,"4":0,"5":0,"6":0,"7":0},"b":{"0":[0]}}
,"/Users/brandonnull/Stardust/stardust-custodial-sdk/src/stardust/Wallet/StardustWallet.ts": {"path":"/Users/brandonnull/Stardust/stardust-custodial-sdk/src/stardust/Wallet/StardustWallet.ts","statementMap":{"0":{"start":{"line":3,"column":0},"end":{"line":3,"column":76}},"1":{"start":{"line":4,"column":0},"end":{"line":4,"column":60}},"2":{"start":{"line":5,"column":0},"end":{"line":5,"column":60}},"3":{"start":{"line":6,"column":0},"end":{"line":6,"column":65}},"4":{"start":{"line":7,"column":0},"end":{"line":7,"column":65}},"5":{"start":{"line":8,"column":0},"end":{"line":8,"column":65}},"6":{"start":{"line":9,"column":0},"end":{"line":9,"column":69}},"7":{"start":{"line":11,"column":0},"end":{"line":11,"column":63}},"8":{"start":{"line":14,"column":0},"end":{"line":14,"column":65}},"9":{"start":{"line":35,"column":20},"end":{"line":35,"column":30}},"10":{"start":{"line":36,"column":20},"end":{"line":36,"column":37}},"11":{"start":{"line":37,"column":20},"end":{"line":37,"column":52}},"12":{"start":{"line":38,"column":20},"end":{"line":38,"column":35}},"13":{"start":{"line":39,"column":20},"end":{"line":39,"column":46}},"14":{"start":{"line":42,"column":4},"end":{"line":49,"column":6}},"15":{"start":{"line":44,"column":25},"end":{"line":44,"column":53}},"16":{"start":{"line":47,"column":33},"end":{"line":47,"column":71}},"17":{"start":{"line":51,"column":4},"end":{"line":51,"column":50}},"18":{"start":{"line":52,"column":4},"end":{"line":52,"column":50}},"19":{"start":{"line":53,"column":4},"end":{"line":53,"column":50}},"20":{"start":{"line":54,"column":4},"end":{"line":54,"column":65}},"21":{"start":{"line":55,"column":4},"end":{"line":59,"column":6}},"22":{"start":{"line":63,"column":4},"end":{"line":63,"column":55}},"23":{"start":{"line":67,"column":4},"end":{"line":74,"column":6}},"24":{"start":{"line":78,"column":4},"end":{"line":82,"column":35}},"25":{"start":{"line":86,"column":4},"end":{"line":86,"column":96}},"26":{"start":{"line":16,"column":0},"end":{"line":16,"column":21}}},"fnMap":{"0":{"name":"(anonymous_1)","decl":{"start":{"line":34,"column":2},"end":{"line":34,"column":null}},"loc":{"start":{"line":40,"column":32},"end":{"line":60,"column":3}}},"1":{"name":"(anonymous_2)","decl":{"start":{"line":44,"column":19},"end":{"line":44,"column":22}},"loc":{"start":{"line":44,"column":25},"end":{"line":44,"column":53}}},"2":{"name":"(anonymous_3)","decl":{"start":{"line":47,"column":19},"end":{"line":47,"column":20}},"loc":{"start":{"line":47,"column":33},"end":{"line":47,"column":71}}},"3":{"name":"(anonymous_4)","decl":{"start":{"line":62,"column":9},"end":{"line":62,"column":14}},"loc":{"start":{"line":62,"column":25},"end":{"line":64,"column":3}}},"4":{"name":"(anonymous_5)","decl":{"start":{"line":66,"column":9},"end":{"line":66,"column":15}},"loc":{"start":{"line":66,"column":55},"end":{"line":75,"column":3}}},"5":{"name":"(anonymous_6)","decl":{"start":{"line":77,"column":2},"end":{"line":77,"column":6}},"loc":{"start":{"line":77,"column":24},"end":{"line":83,"column":3}}},"6":{"name":"(anonymous_7)","decl":{"start":{"line":85,"column":2},"end":{"line":85,"column":6}},"loc":{"start":{"line":85,"column":63},"end":{"line":87,"column":3}}}},"branchMap":{"0":{"loc":{"start":{"line":39,"column":20},"end":{"line":39,"column":50}},"type":"default-arg","locations":[{"start":{"line":39,"column":46},"end":{"line":39,"column":50}}]},"1":{"loc":{"start":{"line":40,"column":4},"end":{"line":40,"column":32}},"type":"default-arg","locations":[{"start":{"line":40,"column":28},"end":{"line":40,"column":32}}]},"2":{"loc":{"start":{"line":72,"column":6},"end":{"line":72,"column":68}},"type":"cond-expr","locations":[{"start":{"line":72,"column":30},"end":{"line":72,"column":61}},{"start":{"line":72,"column":64},"end":{"line":72,"column":68}}]}},"s":{"0":1,"1":1,"2":1,"3":1,"4":1,"5":1,"6":1,"7":1,"8":1,"9":11,"10":11,"11":11,"12":11,"13":11,"14":11,"15":11,"16":0,"17":11,"18":11,"19":11,"20":11,"21":11,"22":1,"23":11,"24":1,"25":0,"26":1},"f":{"0":11,"1":11,"2":0,"3":1,"4":11,"5":1,"6":0},"b":{"0":[0],"1":[0],"2":[1,10]}}
,"/Users/brandonnull/Stardust/stardust-custodial-sdk/src/stardust/Wallet/StardustWalletAPI.ts": {"path":"/Users/brandonnull/Stardust/stardust-custodial-sdk/src/stardust/Wallet/StardustWalletAPI.ts","statementMap":{"0":{"start":{"line":1,"column":0},"end":{"line":1,"column":53}},"1":{"start":{"line":2,"column":0},"end":{"line":2,"column":46}},"2":{"start":{"line":6,"column":23},"end":{"line":6,"column":67}},"3":{"start":{"line":7,"column":4},"end":{"line":7,"column":79}},"4":{"start":{"line":11,"column":23},"end":{"line":11,"column":63}},"5":{"start":{"line":12,"column":4},"end":{"line":12,"column":79}},"6":{"start":{"line":4,"column":0},"end":{"line":4,"column":21}}},"fnMap":{"0":{"name":"(anonymous_1)","decl":{"start":{"line":5,"column":9},"end":{"line":5,"column":14}},"loc":{"start":{"line":5,"column":40},"end":{"line":8,"column":3}}},"1":{"name":"(anonymous_2)","decl":{"start":{"line":10,"column":9},"end":{"line":10,"column":14}},"loc":{"start":{"line":10,"column":35},"end":{"line":13,"column":3}}}},"branchMap":{},"s":{"0":1,"1":1,"2":1,"3":1,"4":3,"5":3,"6":1},"f":{"0":1,"1":3},"b":{}}
,"/Users/brandonnull/Stardust/stardust-custodial-sdk/src/utils/HexString.ts": {"path":"/Users/brandonnull/Stardust/stardust-custodial-sdk/src/utils/HexString.ts","statementMap":{"0":{"start":{"line":5,"column":4},"end":{"line":13,"column":null}},"1":{"start":{"line":6,"column":6},"end":{"line":6,"column":62}},"2":{"start":{"line":7,"column":11},"end":{"line":13,"column":null}},"3":{"start":{"line":8,"column":6},"end":{"line":8,"column":65}},"4":{"start":{"line":9,"column":11},"end":{"line":13,"column":null}},"5":{"start":{"line":10,"column":6},"end":{"line":10,"column":31}},"6":{"start":{"line":12,"column":6},"end":{"line":12,"column":49}},"7":{"start":{"line":17,"column":4},"end":{"line":19,"column":null}},"8":{"start":{"line":18,"column":6},"end":{"line":18,"column":33}},"9":{"start":{"line":20,"column":4},"end":{"line":20,"column":32}},"10":{"start":{"line":24,"column":4},"end":{"line":24,"column":75}},"11":{"start":{"line":28,"column":4},"end":{"line":28,"column":40}},"12":{"start":{"line":32,"column":28},"end":{"line":32,"column":62}},"13":{"start":{"line":33,"column":26},"end":{"line":33,"column":60}},"14":{"start":{"line":34,"column":4},"end":{"line":34,"column":56}},"15":{"start":{"line":38,"column":28},"end":{"line":38,"column":62}},"16":{"start":{"line":39,"column":26},"end":{"line":39,"column":60}},"17":{"start":{"line":40,"column":24},"end":{"line":40,"column":68}},"18":{"start":{"line":41,"column":4},"end":{"line":41,"column":30}},"19":{"start":{"line":45,"column":4},"end":{"line":45,"column":39}},"20":{"start":{"line":49,"column":4},"end":{"line":49,"column":44}},"21":{"start":{"line":53,"column":4},"end":{"line":53,"column":22}},"22":{"start":{"line":57,"column":4},"end":{"line":57,"column":33}},"23":{"start":{"line":62,"column":23},"end":{"line":62,"column":38}},"24":{"start":{"line":63,"column":4},"end":{"line":63,"column":29}},"25":{"start":{"line":67,"column":23},"end":{"line":67,"column":44}},"26":{"start":{"line":68,"column":4},"end":{"line":70,"column":null}},"27":{"start":{"line":69,"column":6},"end":{"line":69,"column":44}},"28":{"start":{"line":72,"column":4},"end":{"line":72,"column":70}},"29":{"start":{"line":1,"column":0},"end":{"line":1,"column":21}}},"fnMap":{"0":{"name":"(anonymous_0)","decl":{"start":{"line":4,"column":2},"end":{"line":4,"column":14}},"loc":{"start":{"line":4,"column":73},"end":{"line":14,"column":3}}},"1":{"name":"(anonymous_1)","decl":{"start":{"line":16,"column":9},"end":{"line":16,"column":17}},"loc":{"start":{"line":16,"column":70},"end":{"line":21,"column":3}}},"2":{"name":"(anonymous_2)","decl":{"start":{"line":23,"column":9},"end":{"line":23,"column":15}},"loc":{"start":{"line":23,"column":42},"end":{"line":25,"column":3}}},"3":{"name":"(anonymous_3)","decl":{"start":{"line":27,"column":9},"end":{"line":27,"column":15}},"loc":{"start":{"line":27,"column":57},"end":{"line":29,"column":3}}},"4":{"name":"(anonymous_4)","decl":{"start":{"line":31,"column":9},"end":{"line":31,"column":14}},"loc":{"start":{"line":31,"column":26},"end":{"line":35,"column":3}}},"5":{"name":"(anonymous_5)","decl":{"start":{"line":37,"column":9},"end":{"line":37,"column":15}},"loc":{"start":{"line":37,"column":27},"end":{"line":42,"column":3}}},"6":{"name":"(anonymous_6)","decl":{"start":{"line":44,"column":2},"end":{"line":44,"column":6}},"loc":{"start":{"line":44,"column":16},"end":{"line":46,"column":3}}},"7":{"name":"(anonymous_7)","decl":{"start":{"line":48,"column":2},"end":{"line":48,"column":6}},"loc":{"start":{"line":48,"column":12},"end":{"line":50,"column":3}}},"8":{"name":"(anonymous_8)","decl":{"start":{"line":52,"column":9},"end":{"line":52,"column":15}},"loc":{"start":{"line":52,"column":15},"end":{"line":54,"column":3}}},"9":{"name":"(anonymous_9)","decl":{"start":{"line":56,"column":2},"end":{"line":56,"column":6}},"loc":{"start":{"line":56,"column":12},"end":{"line":58,"column":3}}},"10":{"name":"(anonymous_10)","decl":{"start":{"line":61,"column":2},"end":{"line":61,"column":6}},"loc":{"start":{"line":61,"column":12},"end":{"line":64,"column":3}}},"11":{"name":"(anonymous_11)","decl":{"start":{"line":66,"column":9},"end":{"line":66,"column":15}},"loc":{"start":{"line":66,"column":40},"end":{"line":73,"column":3}}}},"branchMap":{"0":{"loc":{"start":{"line":5,"column":4},"end":{"line":13,"column":null}},"type":"if","locations":[{"start":{"line":5,"column":4},"end":{"line":13,"column":null}},{"start":{"line":7,"column":11},"end":{"line":13,"column":null}}]},"1":{"loc":{"start":{"line":7,"column":11},"end":{"line":13,"column":null}},"type":"if","locations":[{"start":{"line":7,"column":11},"end":{"line":13,"column":null}},{"start":{"line":9,"column":11},"end":{"line":13,"column":null}}]},"2":{"loc":{"start":{"line":9,"column":11},"end":{"line":13,"column":null}},"type":"if","locations":[{"start":{"line":9,"column":11},"end":{"line":13,"column":null}},{"start":{"line":11,"column":11},"end":{"line":13,"column":null}}]},"3":{"loc":{"start":{"line":16,"column":59},"end":{"line":16,"column":70}},"type":"default-arg","locations":[{"start":{"line":16,"column":69},"end":{"line":16,"column":70}}]},"4":{"loc":{"start":{"line":17,"column":4},"end":{"line":19,"column":null}},"type":"if","locations":[{"start":{"line":17,"column":4},"end":{"line":19,"column":null}}]},"5":{"loc":{"start":{"line":24,"column":11},"end":{"line":24,"column":74}},"type":"cond-expr","locations":[{"start":{"line":24,"column":36},"end":{"line":24,"column":41}},{"start":{"line":24,"column":44},"end":{"line":24,"column":74}}]},"6":{"loc":{"start":{"line":31,"column":15},"end":{"line":31,"column":26}},"type":"default-arg","locations":[{"start":{"line":31,"column":25},"end":{"line":31,"column":26}}]},"7":{"loc":{"start":{"line":37,"column":16},"end":{"line":37,"column":27}},"type":"default-arg","locations":[{"start":{"line":37,"column":26},"end":{"line":37,"column":27}}]},"8":{"loc":{"start":{"line":68,"column":4},"end":{"line":70,"column":null}},"type":"if","locations":[{"start":{"line":68,"column":4},"end":{"line":70,"column":null}}]},"9":{"loc":{"start":{"line":72,"column":12},"end":{"line":72,"column":51}},"type":"cond-expr","locations":[{"start":{"line":72,"column":35},"end":{"line":72,"column":38}},{"start":{"line":72,"column":41},"end":{"line":72,"column":51}}]}},"s":{"0":0,"1":0,"2":0,"3":0,"4":0,"5":0,"6":0,"7":0,"8":0,"9":0,"10":0,"11":0,"12":0,"13":0,"14":0,"15":0,"16":0,"17":0,"18":0,"19":0,"20":0,"21":0,"22":0,"23":0,"24":0,"25":0,"26":0,"27":0,"28":0,"29":1},"f":{"0":0,"1":0,"2":0,"3":0,"4":0,"5":0,"6":0,"7":0,"8":0,"9":0,"10":0,"11":0},"b":{"0":[0,0],"1":[0,0],"2":[0,0],"3":[0],"4":[0],"5":[0,0],"6":[0],"7":[0],"8":[0],"9":[0,0]}}
,"/Users/brandonnull/Stardust/stardust-custodial-sdk/src/utils/Logger.ts": {"path":"/Users/brandonnull/Stardust/stardust-custodial-sdk/src/utils/Logger.ts","statementMap":{"0":{"start":{"line":1,"column":0},"end":{"line":1,"column":59}},"1":{"start":{"line":7,"column":4},"end":{"line":11,"column":7}},"2":{"start":{"line":12,"column":4},"end":{"line":12,"column":37}},"3":{"start":{"line":16,"column":4},"end":{"line":16,"column":30}},"4":{"start":{"line":20,"column":4},"end":{"line":20,"column":31}},"5":{"start":{"line":24,"column":4},"end":{"line":24,"column":30}},"6":{"start":{"line":3,"column":0},"end":{"line":3,"column":21}}},"fnMap":{"0":{"name":"(anonymous_0)","decl":{"start":{"line":6,"column":2},"end":{"line":6,"column":14}},"loc":{"start":{"line":6,"column":34},"end":{"line":13,"column":3}}},"1":{"name":"(anonymous_1)","decl":{"start":{"line":15,"column":9},"end":{"line":15,"column":12}},"loc":{"start":{"line":15,"column":28},"end":{"line":17,"column":3}}},"2":{"name":"(anonymous_2)","decl":{"start":{"line":19,"column":9},"end":{"line":19,"column":14}},"loc":{"start":{"line":19,"column":30},"end":{"line":21,"column":3}}},"3":{"name":"(anonymous_3)","decl":{"start":{"line":23,"column":9},"end":{"line":23,"column":13}},"loc":{"start":{"line":23,"column":29},"end":{"line":25,"column":3}}}},"branchMap":{},"s":{"0":0,"1":0,"2":0,"3":0,"4":0,"5":0,"6":0},"f":{"0":0,"1":0,"2":0,"3":0},"b":{}}
,"/Users/brandonnull/Stardust/stardust-custodial-sdk/src/utils/PrivatePropertiesManager.ts": {"path":"/Users/brandonnull/Stardust/stardust-custodial-sdk/src/utils/PrivatePropertiesManager.ts","statementMap":{"0":{"start":{"line":3,"column":47},"end":{"line":3,"column":68}},"1":{"start":{"line":6,"column":5},"end":{"line":6,"column":63}},"2":{"start":{"line":7,"column":4},"end":{"line":7,"column":18}},"3":{"start":{"line":15,"column":4},"end":{"line":17,"column":null}},"4":{"start":{"line":16,"column":6},"end":{"line":16,"column":61}},"5":{"start":{"line":18,"column":5},"end":{"line":18,"column":71}},"6":{"start":{"line":25,"column":4},"end":{"line":27,"column":18}},"7":{"start":{"line":2,"column":0},"end":{"line":2,"column":21}}},"fnMap":{"0":{"name":"(anonymous_0)","decl":{"start":{"line":5,"column":9},"end":{"line":5,"column":15}},"loc":{"start":{"line":5,"column":65},"end":{"line":8,"column":3}}},"1":{"name":"(anonymous_1)","decl":{"start":{"line":10,"column":9},"end":{"line":10,"column":15}},"loc":{"start":{"line":13,"column":12},"end":{"line":19,"column":3}}},"2":{"name":"(anonymous_2)","decl":{"start":{"line":21,"column":9},"end":{"line":21,"column":15}},"loc":{"start":{"line":23,"column":10},"end":{"line":28,"column":3}}}},"branchMap":{"0":{"loc":{"start":{"line":15,"column":4},"end":{"line":17,"column":null}},"type":"if","locations":[{"start":{"line":15,"column":4},"end":{"line":17,"column":null}}]},"1":{"loc":{"start":{"line":25,"column":12},"end":{"line":27,"column":17}},"type":"cond-expr","locations":[{"start":{"line":26,"column":9},"end":{"line":26,"column":66}},{"start":{"line":27,"column":8},"end":{"line":27,"column":17}}]}},"s":{"0":1,"1":51,"2":51,"3":60,"4":51,"5":60,"6":6,"7":1},"f":{"0":51,"1":60,"2":6},"b":{"0":[51],"1":[6,0]}}
,"/Users/brandonnull/Stardust/stardust-custodial-sdk/src/utils/convertStringToHexString.ts": {"path":"/Users/brandonnull/Stardust/stardust-custodial-sdk/src/utils/convertStringToHexString.ts","statementMap":{"0":{"start":{"line":1,"column":0},"end":{"line":1,"column":40}},"1":{"start":{"line":6,"column":2},"end":{"line":11,"column":null}},"2":{"start":{"line":7,"column":4},"end":{"line":7,"column":20}},"3":{"start":{"line":9,"column":19},"end":{"line":9,"column":43}},"4":{"start":{"line":10,"column":4},"end":{"line":10,"column":46}},"5":{"start":{"line":13,"column":2},"end":{"line":13,"column":19}},"6":{"start":{"line":3,"column":0},"end":{"line":3,"column":24}}},"fnMap":{"0":{"name":"convertStringToHexString","decl":{"start":{"line":3,"column":24},"end":{"line":3,"column":48}},"loc":{"start":{"line":3,"column":60},"end":{"line":14,"column":1}}}},"branchMap":{"0":{"loc":{"start":{"line":6,"column":2},"end":{"line":11,"column":null}},"type":"if","locations":[{"start":{"line":6,"column":2},"end":{"line":11,"column":null}},{"start":{"line":8,"column":9},"end":{"line":11,"column":null}}]}},"s":{"0":1,"1":1,"2":0,"3":1,"4":1,"5":1,"6":1},"f":{"0":1},"b":{"0":[0,1]}}
,"/Users/brandonnull/Stardust/stardust-custodial-sdk/src/utils/convertToHex.ts": {"path":"/Users/brandonnull/Stardust/stardust-custodial-sdk/src/utils/convertToHex.ts","statementMap":{"0":{"start":{"line":1,"column":0},"end":{"line":1,"column":66}},"1":{"start":{"line":2,"column":0},"end":{"line":2,"column":60}},"2":{"start":{"line":5,"column":2},"end":{"line":7,"column":null}},"3":{"start":{"line":6,"column":4},"end":{"line":6,"column":43}},"4":{"start":{"line":8,"column":2},"end":{"line":8,"column":38}},"5":{"start":{"line":4,"column":0},"end":{"line":4,"column":24}}},"fnMap":{"0":{"name":"convertToHex","decl":{"start":{"line":4,"column":24},"end":{"line":4,"column":36}},"loc":{"start":{"line":4,"column":63},"end":{"line":9,"column":1}}}},"branchMap":{"0":{"loc":{"start":{"line":5,"column":2},"end":{"line":7,"column":null}},"type":"if","locations":[{"start":{"line":5,"column":2},"end":{"line":7,"column":null}}]}},"s":{"0":1,"1":1,"2":0,"3":0,"4":0,"5":1},"f":{"0":0},"b":{"0":[0]}}
,"/Users/brandonnull/Stardust/stardust-custodial-sdk/src/utils/index.ts": {"path":"/Users/brandonnull/Stardust/stardust-custodial-sdk/src/utils/index.ts","statementMap":{"0":{"start":{"line":1,"column":0},"end":{"line":1,"column":7}},"1":{"start":{"line":11,"column":9},"end":{"line":1,"column":36}},"2":{"start":{"line":3,"column":0},"end":{"line":3,"column":7}},"3":{"start":{"line":11,"column":20},"end":{"line":3,"column":40}},"4":{"start":{"line":5,"column":0},"end":{"line":5,"column":7}},"5":{"start":{"line":11,"column":33},"end":{"line":5,"column":66}},"6":{"start":{"line":7,"column":0},"end":{"line":7,"column":7}},"7":{"start":{"line":11,"column":59},"end":{"line":7,"column":60}},"8":{"start":{"line":9,"column":0},"end":{"line":9,"column":7}},"9":{"start":{"line":11,"column":82},"end":{"line":9,"column":42}}},"fnMap":{},"branchMap":{},"s":{"0":1,"1":1,"2":1,"3":1,"4":1,"5":1,"6":1,"7":1,"8":1,"9":1},"f":{},"b":{}}
,"/Users/brandonnull/Stardust/stardust-custodial-sdk/src/utils/isHexString.ts": {"path":"/Users/brandonnull/Stardust/stardust-custodial-sdk/src/utils/isHexString.ts","statementMap":{"0":{"start":{"line":2,"column":19},"end":{"line":2,"column":37}},"1":{"start":{"line":3,"column":2},"end":{"line":3,"column":28}},"2":{"start":{"line":1,"column":0},"end":{"line":1,"column":24}}},"fnMap":{"0":{"name":"isHexString","decl":{"start":{"line":1,"column":24},"end":{"line":1,"column":35}},"loc":{"start":{"line":1,"column":47},"end":{"line":4,"column":1}}}},"branchMap":{},"s":{"0":2,"1":2,"2":1},"f":{"0":2},"b":{}}
,"/Users/brandonnull/Stardust/stardust-custodial-sdk/src/utils/uint8ArrayToHexString.ts": {"path":"/Users/brandonnull/Stardust/stardust-custodial-sdk/src/utils/uint8ArrayToHexString.ts","statementMap":{"0":{"start":{"line":2,"column":2},"end":{"line":2,"column":95}},"1":{"start":{"line":2,"column":47},"end":{"line":2,"column":87}},"2":{"start":{"line":1,"column":0},"end":{"line":1,"column":24}}},"fnMap":{"0":{"name":"uint8ArrayToHexString","decl":{"start":{"line":1,"column":24},"end":{"line":1,"column":45}},"loc":{"start":{"line":1,"column":68},"end":{"line":3,"column":1}}},"1":{"name":"(anonymous_1)","decl":{"start":{"line":2,"column":32},"end":{"line":2,"column":33}},"loc":{"start":{"line":2,"column":47},"end":{"line":2,"column":87}}}},"branchMap":{},"s":{"0":0,"1":0,"2":1},"f":{"0":0,"1":0},"b":{}}
}
