TN:
SF:src/index.ts
FNF:0
FNH:0
DA:1,3
DA:2,3
DA:3,3
DA:6,3
DA:9,3
DA:11,3
LF:6
LH:6
BRF:0
BRH:0
end_of_record
TN:
SF:src/ethers/V5/EthersV5Signer.ts
FN:13,(anonymous_0)
FN:19,(anonymous_1)
FN:23,(anonymous_2)
FN:27,(anonymous_3)
FN:31,(anonymous_4)
FN:49,(anonymous_5)
FNF:6
FNH:6
FNDA:27,(anonymous_0)
FNDA:29,(anonymous_1)
FNDA:3,(anonymous_2)
FNDA:1,(anonymous_3)
FNDA:6,(anonymous_4)
FNDA:9,(anonymous_5)
DA:1,5
DA:2,5
DA:3,5
DA:8,5
DA:14,27
DA:15,27
DA:16,27
DA:20,29
DA:24,3
DA:28,1
DA:32,6
DA:33,6
DA:34,4
DA:35,1
DA:37,3
DA:39,5
DA:40,5
DA:45,5
DA:46,5
DA:50,9
LF:20
LH:20
BRDA:33,0,0,4
BRDA:34,1,0,1
BRF:2
BRH:2
end_of_record
TN:
SF:src/ethers/V6/EthersV6Signer.ts
FN:20,(anonymous_0)
FN:25,(anonymous_1)
FN:29,(anonymous_2)
FN:70,(anonymous_3)
FN:74,(anonymous_4)
FN:83,(anonymous_5)
FN:116,(anonymous_6)
FNF:7
FNH:7
FNDA:2,(anonymous_0)
FNDA:3,(anonymous_1)
FNDA:4,(anonymous_2)
FNDA:1,(anonymous_3)
FNDA:2,(anonymous_4)
FNDA:1,(anonymous_5)
FNDA:1,(anonymous_6)
DA:1,4
DA:17,4
DA:21,2
DA:22,2
DA:26,3
DA:31,4
DA:36,4
DA:38,3
DA:40,4
DA:42,2
DA:45,4
DA:46,2
DA:53,1
DA:57,3
DA:58,3
DA:60,3
DA:65,3
DA:66,3
DA:67,3
DA:71,1
DA:79,2
DA:84,1
DA:94,1
DA:95,1
DA:99,1
DA:103,2
DA:105,2
DA:111,2
DA:112,2
DA:113,2
DA:117,1
LF:31
LH:31
BRDA:32,0,0,3
BRDA:32,0,1,1
BRDA:33,1,0,2
BRDA:33,1,1,2
BRDA:36,2,0,3
BRDA:40,3,0,2
BRDA:45,4,0,2
BRF:7
BRH:7
end_of_record
TN:
SF:src/stardust/AbstractStardustAPI.ts
FN:5,(anonymous_6)
FN:7,(anonymous_7)
FN:16,(anonymous_8)
FN:26,(anonymous_9)
FNF:4
FNH:4
FNDA:38,(anonymous_6)
FNDA:2,(anonymous_7)
FNDA:45,(anonymous_8)
FNDA:20,(anonymous_9)
DA:1,6
DA:3,6
DA:4,6
DA:5,38
DA:8,2
DA:11,2
DA:12,1
DA:13,1
DA:17,45
DA:21,45
DA:22,1
DA:23,44
DA:27,20
DA:30,20
DA:31,1
DA:32,19
LF:16
LH:16
BRDA:5,0,0,36
BRDA:7,1,0,0
BRDA:11,2,0,1
BRDA:16,3,0,7
BRDA:21,4,0,1
BRDA:26,5,0,3
BRDA:30,6,0,1
BRF:7
BRH:6
end_of_record
TN:
SF:src/stardust/StardustApp.ts
FN:5,(anonymous_0)
FNF:1
FNH:1
FNDA:2,(anonymous_0)
DA:3,3
DA:6,2
DA:7,2
DA:8,2
DA:9,2
DA:10,2
LF:6
LH:6
BRDA:8,0,0,0
BRDA:9,1,0,1
BRDA:10,2,0,1
BRF:3
BRH:2
end_of_record
TN:
SF:src/stardust/StardustAppAPI.ts
FN:5,(anonymous_1)
FNF:1
FNH:1
FNDA:1,(anonymous_1)
DA:1,3
DA:2,3
DA:4,3
DA:6,1
DA:7,1
LF:5
LH:5
BRF:0
BRH:0
end_of_record
TN:
SF:src/stardust/StardustCustodialSDK.ts
FN:11,(anonymous_1)
FN:16,(anonymous_2)
FN:20,(anonymous_3)
FN:24,(anonymous_4)
FNF:4
FNH:4
FNDA:8,(anonymous_1)
FNDA:1,(anonymous_2)
FNDA:2,(anonymous_3)
FNDA:5,(anonymous_4)
DA:2,3
DA:4,3
DA:6,3
DA:12,8
DA:13,8
DA:17,1
DA:21,2
DA:25,5
LF:8
LH:8
BRF:0
BRH:0
end_of_record
TN:
SF:src/stardust/StardustSignerAPI.ts
FN:5,(anonymous_1)
FN:10,(anonymous_2)
FN:15,(anonymous_3)
FN:20,(anonymous_4)
FNF:4
FNH:4
FNDA:31,(anonymous_1)
FNDA:6,(anonymous_2)
FNDA:13,(anonymous_3)
FNDA:3,(anonymous_4)
DA:2,5
DA:4,5
DA:6,31
DA:7,31
DA:11,6
DA:12,6
DA:16,13
DA:17,13
DA:21,3
DA:22,3
LF:10
LH:10
BRF:0
BRH:0
end_of_record
TN:
SF:src/stardust/StardustWallet.ts
FN:25,(anonymous_1)
FN:33,(anonymous_2)
FN:36,(anonymous_3)
FNF:3
FNH:2
FNDA:7,(anonymous_1)
FNDA:16,(anonymous_2)
FNDA:0,(anonymous_3)
DA:3,3
DA:4,3
DA:5,3
DA:6,3
DA:7,3
DA:9,3
DA:26,7
DA:27,7
DA:28,7
DA:29,7
DA:31,7
DA:33,16
DA:36,0
DA:40,7
DA:41,7
DA:42,7
LF:16
LH:15
BRDA:29,0,0,0
BRF:1
BRH:0
end_of_record
TN:
SF:src/stardust/StardustWalletAPI.ts
FN:5,(anonymous_1)
FN:15,(anonymous_2)
FNF:2
FNH:2
FNDA:2,(anonymous_1)
FNDA:5,(anonymous_2)
DA:1,3
DA:2,3
DA:4,3
DA:6,2
DA:7,2
DA:16,5
DA:17,5
LF:7
LH:7
BRDA:11,0,0,0
BRDA:11,0,1,2
BRDA:21,1,0,1
BRDA:21,1,1,4
BRF:4
BRH:3
end_of_record
TN:
SF:src/stardust/StardustSigners/AbstractStardustSigner.ts
FNF:0
FNH:0
DA:1,4
LF:1
LH:1
BRF:0
BRH:0
end_of_record
TN:
SF:src/stardust/StardustSigners/evm/EvmStardustSigner.ts
FN:15,(anonymous_1)
FN:22,(anonymous_2)
FN:37,(anonymous_3)
FN:45,(anonymous_4)
FN:52,(anonymous_5)
FNF:5
FNH:5
FNDA:17,(anonymous_1)
FNDA:2,(anonymous_2)
FNDA:26,(anonymous_3)
FNDA:1,(anonymous_4)
FNDA:6,(anonymous_5)
DA:1,4
DA:2,4
DA:4,4
DA:5,4
DA:6,4
DA:8,4
DA:16,17
DA:17,17
DA:18,17
DA:19,17
DA:23,2
DA:25,1
DA:28,2
DA:34,2
DA:38,26
DA:42,26
DA:46,1
DA:53,6
DA:57,6
DA:58,1
DA:60,1
DA:63,6
DA:64,3
DA:65,3
DA:67,3
DA:68,3
DA:69,3
DA:75,6
DA:81,6
LF:29
LH:29
BRDA:23,0,0,1
BRDA:57,1,0,1
BRDA:63,2,0,3
BRDA:63,2,1,3
BRF:4
BRH:4
end_of_record
TN:
SF:src/stardust/StardustSigners/imx/ImxStardustSigner.ts
FN:8,(anonymous_0)
FN:12,(anonymous_1)
FN:16,(anonymous_2)
FN:20,(anonymous_3)
FN:24,(anonymous_4)
FN:29,(anonymous_5)
FNF:6
FNH:3
FNDA:8,(anonymous_0)
FNDA:1,(anonymous_1)
FNDA:1,(anonymous_2)
FNDA:0,(anonymous_3)
FNDA:0,(anonymous_4)
FNDA:0,(anonymous_5)
DA:1,4
DA:5,4
DA:9,8
DA:13,1
DA:17,1
DA:21,0
DA:25,0
DA:31,0
LF:8
LH:5
BRF:0
BRH:0
end_of_record
TN:
SF:src/stardust/StardustSigners/sui/SuiStardustSigner.ts
FN:15,(anonymous_1)
FN:21,(anonymous_2)
FN:29,(anonymous_3)
FN:43,(anonymous_4)
FN:49,(anonymous_5)
FN:58,(anonymous_6)
FNF:6
FNH:6
FNDA:8,(anonymous_1)
FNDA:1,(anonymous_2)
FNDA:4,(anonymous_3)
FNDA:1,(anonymous_4)
FNDA:1,(anonymous_5)
FNDA:1,(anonymous_6)
DA:1,4
DA:2,4
DA:3,4
DA:5,4
DA:8,4
DA:16,8
DA:17,8
DA:18,8
DA:22,1
DA:26,1
DA:30,4
DA:32,1
DA:35,4
DA:40,4
DA:44,1
DA:45,1
DA:46,1
DA:50,1
DA:51,1
DA:52,1
DA:53,1
DA:54,1
DA:55,1
DA:59,1
DA:63,1
LF:25
LH:25
BRDA:30,0,0,1
BRF:1
BRH:1
end_of_record
TN:
SF:src/utils/HexString.ts
FN:4,(anonymous_0)
FN:16,(anonymous_1)
FN:23,(anonymous_2)
FN:27,(anonymous_3)
FN:31,(anonymous_4)
FN:37,(anonymous_5)
FN:44,(anonymous_6)
FN:48,(anonymous_7)
FN:52,(anonymous_8)
FN:56,(anonymous_9)
FN:61,(anonymous_10)
FN:66,(anonymous_11)
FNF:12
FNH:10
FNDA:13,(anonymous_0)
FNDA:1,(anonymous_1)
FNDA:16,(anonymous_2)
FNDA:16,(anonymous_3)
FNDA:15,(anonymous_4)
FNDA:1,(anonymous_5)
FNDA:7,(anonymous_6)
FNDA:7,(anonymous_7)
FNDA:0,(anonymous_8)
FNDA:0,(anonymous_9)
FNDA:7,(anonymous_10)
FNDA:13,(anonymous_11)
DA:1,6
DA:5,13
DA:6,0
DA:7,13
DA:8,1
DA:9,12
DA:10,0
DA:12,12
DA:17,1
DA:18,0
DA:20,1
DA:24,16
DA:28,16
DA:32,15
DA:33,15
DA:34,15
DA:38,1
DA:39,1
DA:40,1
DA:41,1
DA:45,7
DA:49,7
DA:53,0
DA:57,0
DA:62,7
DA:63,7
DA:67,13
DA:68,13
DA:69,0
DA:72,13
LF:30
LH:24
BRDA:5,0,0,0
BRDA:5,0,1,13
BRDA:7,1,0,1
BRDA:7,1,1,12
BRDA:9,2,0,0
BRDA:9,2,1,12
BRDA:16,3,0,1
BRDA:17,4,0,0
BRDA:24,5,0,16
BRDA:24,5,1,0
BRDA:31,6,0,15
BRDA:37,7,0,0
BRDA:68,8,0,0
BRDA:72,9,0,12
BRDA:72,9,1,1
BRF:15
BRH:9
end_of_record
TN:
SF:src/utils/convertStringToHexString.ts
FN:3,convertStringToHexString
FNF:1
FNH:1
FNDA:18,convertStringToHexString
DA:1,6
DA:3,6
DA:6,18
DA:7,1
DA:9,17
DA:10,17
DA:13,18
LF:7
LH:7
BRDA:6,0,0,1
BRDA:6,0,1,17
BRF:2
BRH:2
end_of_record
TN:
SF:src/utils/convertToHex.ts
FN:4,convertToHex
FNF:1
FNH:1
FNDA:5,convertToHex
DA:1,6
DA:2,6
DA:4,6
DA:5,5
DA:6,4
DA:8,1
LF:6
LH:6
BRDA:5,0,0,4
BRF:1
BRH:1
end_of_record
TN:
SF:src/utils/index.ts
FNF:0
FNH:0
DA:1,6
DA:3,6
DA:5,6
DA:7,6
DA:9,6
DA:11,6
LF:6
LH:6
BRF:0
BRH:0
end_of_record
TN:
SF:src/utils/isHexString.ts
FN:1,isHexString
FNF:1
FNH:1
FNDA:24,isHexString
DA:1,6
DA:2,24
DA:3,24
LF:3
LH:3
BRF:0
BRH:0
end_of_record
TN:
SF:src/utils/uint8ArrayToHexString.ts
FN:1,uint8ArrayToHexString
FN:2,(anonymous_1)
FNF:2
FNH:2
FNDA:4,uint8ArrayToHexString
FNDA:21,(anonymous_1)
DA:1,6
DA:2,21
LF:2
LH:2
BRF:0
BRH:0
end_of_record
