TN:
SF:src/index.ts
FNF:0
FNH:0
DA:1,3
DA:2,3
DA:3,3
DA:6,3
DA:9,3
DA:11,3
LF:6
LH:6
BRF:0
BRH:0
end_of_record
TN:
SF:src/ethers/V5/EthersV5Signer.ts
FN:11,(anonymous_0)
FN:17,(anonymous_1)
FN:21,(anonymous_2)
FN:25,(anonymous_3)
FN:29,(anonymous_4)
FN:47,(anonymous_5)
FNF:6
FNH:6
FNDA:27,(anonymous_0)
FNDA:29,(anonymous_1)
FNDA:3,(anonymous_2)
FNDA:1,(anonymous_3)
FNDA:6,(anonymous_4)
FNDA:9,(anonymous_5)
DA:1,5
DA:2,5
DA:3,5
DA:7,5
DA:12,27
DA:13,27
DA:14,27
DA:18,29
DA:22,3
DA:26,1
DA:30,6
DA:31,6
DA:32,4
DA:33,1
DA:35,3
DA:37,5
DA:38,5
DA:43,5
DA:44,5
DA:48,9
LF:20
LH:20
BRDA:31,0,0,4
BRDA:32,1,0,1
BRF:2
BRH:2
end_of_record
TN:
SF:src/ethers/V6/EthersV6Signer.ts
FN:20,(anonymous_0)
FN:25,(anonymous_1)
FN:29,(anonymous_2)
FN:33,(anonymous_3)
FN:71,(anonymous_4)
FN:75,(anonymous_5)
FN:84,(anonymous_6)
FNF:7
FNH:7
FNDA:2,(anonymous_0)
FNDA:1,(anonymous_1)
FNDA:3,(anonymous_2)
FNDA:4,(anonymous_3)
FNDA:1,(anonymous_4)
FNDA:2,(anonymous_5)
FNDA:1,(anonymous_6)
DA:1,4
DA:13,4
DA:17,4
DA:21,2
DA:22,2
DA:26,1
DA:30,3
DA:35,4
DA:40,4
DA:41,3
DA:43,4
DA:44,2
DA:47,4
DA:48,2
DA:54,1
DA:58,3
DA:59,3
DA:61,3
DA:66,3
DA:67,3
DA:68,3
DA:72,1
DA:80,2
DA:85,1
DA:95,1
DA:96,1
DA:100,1
DA:104,2
DA:106,2
DA:112,2
DA:113,2
DA:114,2
LF:32
LH:32
BRDA:36,0,0,3
BRDA:36,0,1,1
BRDA:37,1,0,2
BRDA:37,1,1,2
BRDA:40,2,0,3
BRDA:43,3,0,2
BRDA:47,4,0,2
BRF:7
BRH:7
end_of_record
TN:
SF:src/stardust/AbstractStardustAPI.ts
FN:4,(anonymous_6)
FN:6,(anonymous_7)
FN:15,(anonymous_8)
FN:25,(anonymous_9)
FNF:4
FNH:4
FNDA:38,(anonymous_6)
FNDA:2,(anonymous_7)
FNDA:45,(anonymous_8)
FNDA:20,(anonymous_9)
DA:1,6
DA:2,6
DA:3,6
DA:4,38
DA:7,2
DA:10,2
DA:11,1
DA:12,1
DA:16,45
DA:20,45
DA:21,1
DA:22,44
DA:26,20
DA:29,20
DA:30,1
DA:31,19
LF:16
LH:16
BRDA:4,0,0,36
BRDA:6,1,0,0
BRDA:10,2,0,1
BRDA:15,3,0,7
BRDA:20,4,0,1
BRDA:25,5,0,3
BRDA:29,6,0,1
BRF:7
BRH:6
end_of_record
TN:
SF:src/stardust/StardustApp.ts
FN:5,(anonymous_0)
FNF:1
FNH:1
FNDA:2,(anonymous_0)
DA:3,3
DA:6,2
DA:7,2
DA:8,2
DA:9,2
DA:10,2
LF:6
LH:6
BRDA:8,0,0,0
BRDA:9,1,0,1
BRDA:10,2,0,1
BRF:3
BRH:2
end_of_record
TN:
SF:src/stardust/StardustAppAPI.ts
FN:5,(anonymous_1)
FN:9,(anonymous_2)
FNF:2
FNH:2
FNDA:8,(anonymous_1)
FNDA:1,(anonymous_2)
DA:1,3
DA:2,3
DA:4,3
DA:6,8
DA:10,1
DA:11,1
LF:6
LH:6
BRF:0
BRH:0
end_of_record
TN:
SF:src/stardust/StardustCustodialSDK.ts
FN:10,(anonymous_1)
FN:15,(anonymous_2)
FN:19,(anonymous_3)
FN:23,(anonymous_4)
FNF:4
FNH:4
FNDA:8,(anonymous_1)
FNDA:1,(anonymous_2)
FNDA:2,(anonymous_3)
FNDA:5,(anonymous_4)
DA:2,3
DA:4,3
DA:6,3
DA:11,8
DA:12,8
DA:16,1
DA:20,2
DA:24,5
LF:8
LH:8
BRF:0
BRH:0
end_of_record
TN:
SF:src/stardust/StardustSignerAPI.ts
FN:6,(anonymous_1)
FN:10,(anonymous_2)
FN:15,(anonymous_3)
FN:20,(anonymous_4)
FN:25,(anonymous_5)
FNF:5
FNH:5
FNDA:16,(anonymous_1)
FNDA:31,(anonymous_2)
FNDA:6,(anonymous_3)
FNDA:13,(anonymous_4)
FNDA:3,(anonymous_5)
DA:2,5
DA:4,5
DA:7,16
DA:11,31
DA:12,31
DA:16,6
DA:17,6
DA:21,13
DA:22,13
DA:26,3
DA:27,3
LF:11
LH:11
BRF:0
BRH:0
end_of_record
TN:
SF:src/stardust/StardustWallet.ts
FN:22,(anonymous_1)
FN:30,(anonymous_2)
FN:33,(anonymous_3)
FNF:3
FNH:2
FNDA:7,(anonymous_1)
FNDA:16,(anonymous_2)
FNDA:0,(anonymous_3)
DA:3,3
DA:4,3
DA:5,3
DA:6,3
DA:7,3
DA:9,3
DA:23,7
DA:24,7
DA:25,7
DA:26,7
DA:28,7
DA:30,16
DA:33,0
DA:37,7
DA:38,7
DA:39,7
LF:16
LH:15
BRDA:26,0,0,0
BRF:1
BRH:0
end_of_record
TN:
SF:src/stardust/StardustWalletAPI.ts
FN:6,(anonymous_1)
FN:10,(anonymous_2)
FN:20,(anonymous_3)
FNF:3
FNH:3
FNDA:8,(anonymous_1)
FNDA:2,(anonymous_2)
FNDA:5,(anonymous_3)
DA:1,3
DA:2,3
DA:4,3
DA:7,8
DA:11,2
DA:12,2
DA:21,5
DA:22,5
LF:8
LH:8
BRDA:16,0,0,0
BRDA:16,0,1,2
BRDA:26,1,0,1
BRDA:26,1,1,4
BRF:4
BRH:3
end_of_record
TN:
SF:src/stardust/StardustSigners/AbstractStardustSigner.ts
FNF:0
FNH:0
DA:1,4
LF:1
LH:1
BRF:0
BRH:0
end_of_record
TN:
SF:src/stardust/StardustSigners/evm/EvmStardustSigner.ts
FN:13,(anonymous_1)
FN:20,(anonymous_2)
FN:34,(anonymous_3)
FN:42,(anonymous_4)
FN:49,(anonymous_5)
FNF:5
FNH:5
FNDA:15,(anonymous_1)
FNDA:2,(anonymous_2)
FNDA:26,(anonymous_3)
FNDA:1,(anonymous_4)
FNDA:4,(anonymous_5)
DA:1,4
DA:3,4
DA:4,4
DA:5,4
DA:6,4
DA:8,4
DA:14,15
DA:15,15
DA:16,15
DA:17,15
DA:20,15
DA:21,2
DA:22,1
DA:25,2
DA:31,2
DA:34,15
DA:35,26
DA:39,26
DA:42,15
DA:43,1
DA:49,15
DA:50,4
DA:54,4
DA:55,1
DA:56,1
DA:59,4
DA:60,1
DA:61,1
DA:63,3
DA:64,3
DA:65,3
DA:71,4
DA:77,4
LF:33
LH:33
BRDA:21,0,0,1
BRDA:54,1,0,1
BRDA:59,2,0,1
BRDA:59,2,1,3
BRF:4
BRH:4
end_of_record
TN:
SF:src/stardust/StardustSigners/imx/ImxStardustSigner.ts
FN:9,(anonymous_0)
FN:13,(anonymous_1)
FN:17,(anonymous_2)
FN:21,(anonymous_3)
FN:25,(anonymous_4)
FN:29,(anonymous_5)
FNF:6
FNH:3
FNDA:8,(anonymous_0)
FNDA:1,(anonymous_1)
FNDA:1,(anonymous_2)
FNDA:0,(anonymous_3)
FNDA:0,(anonymous_4)
FNDA:0,(anonymous_5)
DA:2,4
DA:6,4
DA:10,8
DA:13,8
DA:14,1
DA:17,8
DA:18,1
DA:21,8
DA:22,0
DA:25,8
DA:26,0
DA:29,8
DA:30,0
LF:13
LH:10
BRF:0
BRH:0
end_of_record
TN:
SF:src/stardust/StardustSigners/sui/SuiStardustSigner.ts
FN:13,(anonymous_1)
FN:19,(anonymous_2)
FN:27,(anonymous_3)
FN:40,(anonymous_4)
FN:46,(anonymous_5)
FN:55,(anonymous_6)
FNF:6
FNH:6
FNDA:8,(anonymous_1)
FNDA:1,(anonymous_2)
FNDA:4,(anonymous_3)
FNDA:1,(anonymous_4)
FNDA:1,(anonymous_5)
FNDA:1,(anonymous_6)
DA:1,4
DA:3,4
DA:4,4
DA:5,4
DA:8,4
DA:14,8
DA:15,8
DA:16,8
DA:19,8
DA:20,1
DA:24,1
DA:27,8
DA:28,4
DA:29,1
DA:32,4
DA:37,4
DA:40,8
DA:41,1
DA:42,1
DA:43,1
DA:46,8
DA:47,1
DA:48,1
DA:49,1
DA:50,1
DA:51,1
DA:52,1
DA:55,8
DA:56,1
DA:60,1
LF:30
LH:30
BRDA:28,0,0,1
BRF:1
BRH:1
end_of_record
TN:
SF:src/utils/HexString.ts
FN:4,(anonymous_0)
FN:16,(anonymous_1)
FN:23,(anonymous_2)
FN:27,(anonymous_3)
FN:31,(anonymous_4)
FN:37,(anonymous_5)
FN:44,(anonymous_6)
FN:48,(anonymous_7)
FN:52,(anonymous_8)
FN:56,(anonymous_9)
FN:61,(anonymous_10)
FN:66,(anonymous_11)
FNF:12
FNH:10
FNDA:11,(anonymous_0)
FNDA:1,(anonymous_1)
FNDA:14,(anonymous_2)
FNDA:14,(anonymous_3)
FNDA:13,(anonymous_4)
FNDA:1,(anonymous_5)
FNDA:5,(anonymous_6)
FNDA:5,(anonymous_7)
FNDA:0,(anonymous_8)
FNDA:0,(anonymous_9)
FNDA:5,(anonymous_10)
FNDA:11,(anonymous_11)
DA:1,5
DA:5,11
DA:6,0
DA:7,11
DA:8,1
DA:9,10
DA:10,0
DA:12,10
DA:17,1
DA:18,0
DA:20,1
DA:24,14
DA:28,14
DA:32,13
DA:33,13
DA:34,13
DA:38,1
DA:39,1
DA:40,1
DA:41,1
DA:45,5
DA:49,5
DA:53,0
DA:57,0
DA:62,5
DA:63,5
DA:66,5
DA:67,11
DA:68,11
DA:69,0
DA:72,11
LF:31
LH:25
BRDA:5,0,0,0
BRDA:5,0,1,11
BRDA:7,1,0,1
BRDA:7,1,1,10
BRDA:9,2,0,0
BRDA:9,2,1,10
BRDA:16,3,0,1
BRDA:17,4,0,0
BRDA:24,5,0,14
BRDA:24,5,1,0
BRDA:31,6,0,13
BRDA:37,7,0,0
BRDA:68,8,0,0
BRDA:72,9,0,10
BRDA:72,9,1,1
BRF:15
BRH:9
end_of_record
TN:
SF:src/utils/convertStringToHexString.ts
FN:3,convertStringToHexString
FNF:1
FNH:1
FNDA:12,convertStringToHexString
DA:1,6
DA:3,6
DA:6,12
DA:7,1
DA:9,11
DA:10,11
DA:13,12
LF:7
LH:7
BRDA:6,0,0,1
BRDA:6,0,1,11
BRF:2
BRH:2
end_of_record
TN:
SF:src/utils/convertToHex.ts
FN:4,convertToHex
FNF:1
FNH:1
FNDA:3,convertToHex
DA:1,6
DA:2,6
DA:4,6
DA:5,3
DA:6,2
DA:8,1
LF:6
LH:6
BRDA:5,0,0,2
BRDA:5,0,1,1
BRF:2
BRH:2
end_of_record
TN:
SF:src/utils/index.ts
FNF:0
FNH:0
DA:1,5
DA:2,5
DA:3,5
DA:4,5
DA:5,5
LF:5
LH:5
BRF:0
BRH:0
end_of_record
TN:
SF:src/utils/isHexString.ts
FN:1,isHexString
FNF:1
FNH:1
FNDA:16,isHexString
DA:1,6
DA:2,16
DA:3,16
LF:3
LH:3
BRF:0
BRH:0
end_of_record
TN:
SF:src/utils/uint8ArrayToHexString.ts
FN:1,uint8ArrayToHexString
FN:2,(anonymous_1)
FNF:2
FNH:2
FNDA:4,uint8ArrayToHexString
FNDA:21,(anonymous_1)
DA:1,6
DA:2,21
LF:2
LH:2
BRF:0
BRH:0
end_of_record
